<?xml version="1.0" encoding="UTF-8"?>
<coverage generated="1783690749312" clover="3.2.0">
  <project timestamp="1783690749312" name="All files">
    <metrics statements="209" coveredstatements="196" conditionals="181" coveredconditionals="181" methods="81" coveredmethods="70" elements="471" coveredelements="447" complexity="0" loc="209" ncloc="209" packages="6" files="17" classes="17"/>
    <package name="src">
      <metrics statements="2" coveredstatements="0" conditionals="0" coveredconditionals="0" methods="0" coveredmethods="0"/>
      <file name="App.vue" path="C:\Users\atren\WebstormProjects\task-manager-frontend\src\App.vue">
        <metrics statements="2" coveredstatements="0" conditionals="0" coveredconditionals="0" methods="0" coveredmethods="0"/>
        <line num="2" count="0" type="stmt"/>
        <line num="8" count="0" type="stmt"/>
      </file>
    </package>
    <package name="src.components">
      <metrics statements="86" coveredstatements="76" conditionals="119" coveredconditionals="119" methods="50" coveredmethods="40"/>
      <file name="ErrorBanner.vue" path="C:\Users\atren\WebstormProjects\task-manager-frontend\src\components\ErrorBanner.vue">
        <metrics statements="3" coveredstatements="3" conditionals="3" coveredconditionals="3" methods="1" coveredmethods="1"/>
        <line num="11" count="5" type="stmt"/>
        <line num="16" count="1" type="cond" truecount="2" falsecount="0"/>
        <line num="24" count="5" type="stmt"/>
      </file>
      <file name="LoginForm.vue" path="C:\Users\atren\WebstormProjects\task-manager-frontend\src\components\LoginForm.vue">
        <metrics statements="13" coveredstatements="11" conditionals="16" coveredconditionals="16" methods="6" coveredmethods="4"/>
        <line num="2" count="14" type="cond" truecount="4" falsecount="0"/>
        <line num="5" count="1" type="cond" truecount="2" falsecount="0"/>
        <line num="10" count="0" type="cond" truecount="2" falsecount="0"/>
        <line num="18" count="0" type="cond" truecount="2" falsecount="0"/>
        <line num="37" count="3" type="stmt"/>
        <line num="40" count="5" type="stmt"/>
        <line num="48" count="6" type="stmt"/>
        <line num="49" count="6" type="stmt"/>
        <line num="50" count="6" type="stmt"/>
        <line num="54" count="2" type="stmt"/>
        <line num="55" count="2" type="stmt"/>
        <line num="56" count="2" type="stmt"/>
        <line num="58" count="4" type="stmt"/>
      </file>
      <file name="LogoutButton.vue" path="C:\Users\atren\WebstormProjects\task-manager-frontend\src\components\LogoutButton.vue">
        <metrics statements="12" coveredstatements="12" conditionals="6" coveredconditionals="6" methods="3" coveredmethods="3"/>
        <line num="2" count="23" type="stmt"/>
        <line num="6" count="3" type="cond" truecount="4" falsecount="0"/>
        <line num="17" count="3" type="stmt"/>
        <line num="19" count="18" type="stmt"/>
        <line num="25" count="3" type="stmt"/>
        <line num="26" count="3" type="stmt"/>
        <line num="28" count="3" type="stmt"/>
        <line num="31" count="3" type="cond" truecount="2" falsecount="0"/>
        <line num="32" count="2" type="stmt"/>
        <line num="38" count="3" type="stmt"/>
        <line num="39" count="3" type="stmt"/>
        <line num="40" count="3" type="stmt"/>
      </file>
      <file name="RegisterForm.vue" path="C:\Users\atren\WebstormProjects\task-manager-frontend\src\components\RegisterForm.vue">
        <metrics statements="12" coveredstatements="8" conditionals="20" coveredconditionals="20" methods="7" coveredmethods="3"/>
        <line num="2" count="8" type="cond" truecount="4" falsecount="0"/>
        <line num="5" count="0" type="cond" truecount="2" falsecount="0"/>
        <line num="10" count="0" type="cond" truecount="2" falsecount="0"/>
        <line num="18" count="0" type="cond" truecount="2" falsecount="0"/>
        <line num="26" count="0" type="cond" truecount="2" falsecount="0"/>
        <line num="42" count="3" type="stmt"/>
        <line num="45" count="4" type="stmt"/>
        <line num="54" count="4" type="stmt"/>
        <line num="55" count="4" type="stmt"/>
        <line num="56" count="4" type="stmt"/>
        <line num="61" count="1" type="stmt"/>
        <line num="65" count="3" type="stmt"/>
      </file>
      <file name="TaskFilters.vue" path="C:\Users\atren\WebstormProjects\task-manager-frontend\src\components\TaskFilters.vue">
        <metrics statements="18" coveredstatements="18" conditionals="34" coveredconditionals="34" methods="14" coveredmethods="14"/>
        <line num="2" count="31" type="stmt"/>
        <line num="5" count="3" type="cond" truecount="4" falsecount="0"/>
        <line num="11" count="4" type="cond" truecount="2" falsecount="0"/>
        <line num="20" count="2" type="cond" truecount="2" falsecount="0"/>
        <line num="25" count="93" type="stmt"/>
        <line num="38" count="1" type="cond" truecount="2" falsecount="0"/>
        <line num="43" count="93" type="stmt"/>
        <line num="56" count="1" type="cond" truecount="2" falsecount="0"/>
        <line num="64" count="1" type="cond" truecount="2" falsecount="0"/>
        <line num="66" count="155" type="stmt"/>
        <line num="80" count="1" type="cond" truecount="4" falsecount="0"/>
        <line num="91" count="3" type="stmt"/>
        <line num="99" count="39" type="stmt"/>
        <line num="101" count="3" type="stmt"/>
        <line num="105" count="21" type="stmt"/>
        <line num="116" count="4" type="stmt"/>
        <line num="119" count="1" type="stmt"/>
        <line num="120" count="1" type="stmt"/>
      </file>
      <file name="TaskForm.vue" path="C:\Users\atren\WebstormProjects\task-manager-frontend\src\components\TaskForm.vue">
        <metrics statements="12" coveredstatements="8" conditionals="26" coveredconditionals="26" methods="10" coveredmethods="6"/>
        <line num="2" count="25" type="cond" truecount="4" falsecount="0"/>
        <line num="6" count="0" type="cond" truecount="2" falsecount="0"/>
        <line num="12" count="0" type="cond" truecount="2" falsecount="0"/>
        <line num="17" count="0" type="cond" truecount="2" falsecount="0"/>
        <line num="25" count="1" type="cond" truecount="2" falsecount="0"/>
        <line num="27" count="75" type="stmt"/>
        <line num="40" count="0" type="cond" truecount="2" falsecount="0"/>
        <line num="42" count="75" type="stmt"/>
        <line num="51" count="3" type="stmt"/>
        <line num="61" count="3" type="stmt"/>
        <line num="74" count="20" type="stmt"/>
        <line num="81" count="1" type="stmt"/>
      </file>
      <file name="TaskList.vue" path="C:\Users\atren\WebstormProjects\task-manager-frontend\src\components\TaskList.vue">
        <metrics statements="16" coveredstatements="16" conditionals="14" coveredconditionals="14" methods="9" coveredmethods="9"/>
        <line num="2" count="44" type="stmt"/>
        <line num="4" count="36" type="stmt"/>
        <line num="9" count="3" type="stmt"/>
        <line num="10" count="3" type="stmt"/>
        <line num="11" count="3" type="stmt"/>
        <line num="14" count="1" type="stmt"/>
        <line num="18" count="2" type="stmt"/>
        <line num="30" count="1" type="cond" truecount="4" falsecount="0"/>
        <line num="37" count="1" type="cond" truecount="4" falsecount="0"/>
        <line num="52" count="3" type="stmt"/>
        <line num="72" count="1" type="stmt"/>
        <line num="75" count="2" type="stmt"/>
        <line num="76" count="2" type="cond" truecount="2" falsecount="0"/>
        <line num="77" count="1" type="stmt"/>
        <line num="81" count="1" type="stmt"/>
        <line num="84" count="1" type="stmt"/>
      </file>
    </package>
    <package name="src.constants">
      <metrics statements="8" coveredstatements="8" conditionals="4" coveredconditionals="4" methods="4" coveredmethods="4"/>
      <file name="taskPriority.js" path="C:\Users\atren\WebstormProjects\task-manager-frontend\src\constants\taskPriority.js">
        <metrics statements="4" coveredstatements="4" conditionals="2" coveredconditionals="2" methods="2" coveredmethods="2"/>
        <line num="3" count="6" type="stmt"/>
        <line num="9" count="6" type="stmt"/>
        <line num="11" count="6" type="stmt"/>
        <line num="12" count="79" type="cond" truecount="2" falsecount="0"/>
      </file>
      <file name="taskStatus.js" path="C:\Users\atren\WebstormProjects\task-manager-frontend\src\constants\taskStatus.js">
        <metrics statements="4" coveredstatements="4" conditionals="2" coveredconditionals="2" methods="2" coveredmethods="2"/>
        <line num="3" count="6" type="stmt"/>
        <line num="9" count="6" type="stmt"/>
        <line num="11" count="6" type="stmt"/>
        <line num="12" count="62" type="cond" truecount="2" falsecount="0"/>
      </file>
    </package>
    <package name="src.router">
      <metrics statements="9" coveredstatements="9" conditionals="8" coveredconditionals="8" methods="3" coveredmethods="3"/>
      <file name="index.js" path="C:\Users\atren\WebstormProjects\task-manager-frontend\src\router\index.js">
        <metrics statements="9" coveredstatements="9" conditionals="8" coveredconditionals="8" methods="3" coveredmethods="3"/>
        <line num="7" count="1" type="stmt"/>
        <line num="14" count="1" type="stmt"/>
        <line num="22" count="1" type="stmt"/>
        <line num="23" count="14" type="stmt"/>
        <line num="25" count="14" type="cond" truecount="4" falsecount="0"/>
        <line num="26" count="1" type="stmt"/>
        <line num="28" count="13" type="cond" truecount="4" falsecount="0"/>
        <line num="29" count="2" type="stmt"/>
        <line num="31" count="11" type="stmt"/>
      </file>
    </package>
    <package name="src.utils">
      <metrics statements="53" coveredstatements="53" conditionals="30" coveredconditionals="30" methods="11" coveredmethods="11"/>
      <file name="auth.js" path="C:\Users\atren\WebstormProjects\task-manager-frontend\src\utils\auth.js">
        <metrics statements="11" coveredstatements="11" conditionals="0" coveredconditionals="0" methods="5" coveredmethods="5"/>
        <line num="1" count="7" type="stmt"/>
        <line num="2" count="14" type="stmt"/>
        <line num="5" count="7" type="stmt"/>
        <line num="6" count="21" type="stmt"/>
        <line num="9" count="7" type="stmt"/>
        <line num="10" count="12" type="stmt"/>
        <line num="13" count="7" type="stmt"/>
        <line num="14" count="12" type="stmt"/>
        <line num="17" count="7" type="stmt"/>
        <line num="18" count="5" type="stmt"/>
        <line num="19" count="5" type="stmt"/>
      </file>
      <file name="axiosSetup.js" path="C:\Users\atren\WebstormProjects\task-manager-frontend\src\utils\axiosSetup.js">
        <metrics statements="29" coveredstatements="29" conditionals="13" coveredconditionals="13" methods="5" coveredmethods="5"/>
        <line num="6" count="1" type="cond" truecount="2" falsecount="0"/>
        <line num="8" count="1" type="stmt"/>
        <line num="14" count="1" type="stmt"/>
        <line num="16" count="1" type="stmt"/>
        <line num="17" count="2" type="stmt"/>
        <line num="18" count="2" type="cond" truecount="2" falsecount="0"/>
        <line num="19" count="1" type="stmt"/>
        <line num="21" count="2" type="stmt"/>
        <line num="23" count="1" type="stmt"/>
        <line num="28" count="1" type="stmt"/>
        <line num="29" count="4" type="stmt"/>
        <line num="30" count="4" type="cond" truecount="2" falsecount="0"/>
        <line num="31" count="1" type="stmt"/>
        <line num="33" count="3" type="stmt"/>
        <line num="34" count="3" type="stmt"/>
        <line num="35" count="2" type="stmt"/>
        <line num="36" count="2" type="stmt"/>
        <line num="37" count="2" type="stmt"/>
        <line num="39" count="1" type="stmt"/>
        <line num="40" count="1" type="stmt"/>
        <line num="41" count="1" type="stmt"/>
        <line num="45" count="1" type="stmt"/>
        <line num="46" count="1" type="stmt"/>
        <line num="48" count="8" type="stmt"/>
        <line num="52" count="8" type="cond" truecount="5" falsecount="0"/>
        <line num="53" count="4" type="stmt"/>
        <line num="56" count="4" type="cond" truecount="2" falsecount="0"/>
        <line num="57" count="2" type="stmt"/>
        <line num="60" count="6" type="stmt"/>
      </file>
      <file name="errorMessage.js" path="C:\Users\atren\WebstormProjects\task-manager-frontend\src\utils\errorMessage.js">
        <metrics statements="13" coveredstatements="13" conditionals="17" coveredconditionals="17" methods="1" coveredmethods="1"/>
        <line num="1" count="6" type="stmt"/>
        <line num="15" count="23" type="stmt"/>
        <line num="17" count="23" type="cond" truecount="2" falsecount="0"/>
        <line num="18" count="3" type="stmt"/>
        <line num="19" count="3" type="cond" truecount="2" falsecount="0"/>
        <line num="20" count="2" type="stmt"/>
        <line num="24" count="21" type="cond" truecount="4" falsecount="0"/>
        <line num="25" count="9" type="stmt"/>
        <line num="28" count="12" type="cond" truecount="5" falsecount="0"/>
        <line num="29" count="1" type="stmt"/>
        <line num="32" count="11" type="cond" truecount="4" falsecount="0"/>
        <line num="33" count="4" type="stmt"/>
        <line num="36" count="7" type="stmt"/>
      </file>
    </package>
    <package name="src.views">
      <metrics statements="51" coveredstatements="50" conditionals="20" coveredconditionals="20" methods="13" coveredmethods="12"/>
      <file name="LoginView.vue" path="C:\Users\atren\WebstormProjects\task-manager-frontend\src\views\LoginView.vue">
        <metrics statements="2" coveredstatements="2" conditionals="2" coveredconditionals="2" methods="0" coveredmethods="0"/>
        <line num="2" count="1" type="stmt"/>
        <line num="11" count="2" type="stmt"/>
      </file>
      <file name="RegisterView.vue" path="C:\Users\atren\WebstormProjects\task-manager-frontend\src\views\RegisterView.vue">
        <metrics statements="2" coveredstatements="2" conditionals="2" coveredconditionals="2" methods="0" coveredmethods="0"/>
        <line num="2" count="1" type="stmt"/>
        <line num="11" count="2" type="stmt"/>
      </file>
      <file name="TaskManagerView.vue" path="C:\Users\atren\WebstormProjects\task-manager-frontend\src\views\TaskManagerView.vue">
        <metrics statements="47" coveredstatements="46" conditionals="16" coveredconditionals="16" methods="13" coveredmethods="12"/>
        <line num="2" count="43" type="stmt"/>
        <line num="6" count="0" type="cond" truecount="2" falsecount="0"/>
        <line num="37" count="2" type="stmt"/>
        <line num="39" count="17" type="stmt"/>
        <line num="47" count="2" type="stmt"/>
        <line num="56" count="15" type="stmt"/>
        <line num="69" count="15" type="stmt"/>
        <line num="78" count="27" type="stmt"/>
        <line num="79" count="27" type="stmt"/>
        <line num="80" count="135" type="cond" truecount="5" falsecount="0"/>
        <line num="81" count="8" type="stmt"/>
        <line num="84" count="27" type="stmt"/>
        <line num="87" count="4" type="stmt"/>
        <line num="89" count="4" type="stmt"/>
        <line num="92" count="27" type="stmt"/>
        <line num="93" count="27" type="stmt"/>
        <line num="94" count="27" type="stmt"/>
        <line num="95" count="25" type="stmt"/>
        <line num="96" count="25" type="stmt"/>
        <line num="97" count="25" type="stmt"/>
        <line num="101" count="25" type="cond" truecount="4" falsecount="0"/>
        <line num="102" count="1" type="stmt"/>
        <line num="105" count="2" type="stmt"/>
        <line num="109" count="4" type="cond" truecount="2" falsecount="0"/>
        <line num="110" count="2" type="stmt"/>
        <line num="112" count="2" type="stmt"/>
        <line num="116" count="2" type="stmt"/>
        <line num="117" count="2" type="stmt"/>
        <line num="118" count="2" type="stmt"/>
        <line num="119" count="1" type="stmt"/>
        <line num="122" count="1" type="stmt"/>
        <line num="124" count="1" type="stmt"/>
        <line num="128" count="2" type="stmt"/>
        <line num="129" count="2" type="stmt"/>
        <line num="130" count="2" type="stmt"/>
        <line num="131" count="1" type="stmt"/>
        <line num="132" count="1" type="stmt"/>
        <line num="134" count="1" type="stmt"/>
        <line num="138" count="2" type="stmt"/>
        <line num="139" count="2" type="stmt"/>
        <line num="140" count="2" type="stmt"/>
        <line num="141" count="1" type="stmt"/>
        <line num="143" count="1" type="stmt"/>
        <line num="147" count="2" type="stmt"/>
        <line num="148" count="2" type="stmt"/>
        <line num="151" count="2" type="stmt"/>
        <line num="152" count="2" type="stmt"/>
      </file>
    </package>
  </project>
</coverage>
