{"C:\\Users\\atren\\WebstormProjects\\task-manager-frontend\\src\\App.vue": {"path":"C:\\Users\\atren\\WebstormProjects\\task-manager-frontend\\src\\App.vue","statementMap":{"0":{"start":{"line":8,"column":15},"end":{"line":10,"column":1}},"1":{"start":{"line":2,"column":7},"end":{"line":2,"column":null}},"2":{"start":{"line":2,"column":2},"end":{"line":3,"column":null}}},"fnMap":{},"branchMap":{},"s":{"0":0,"1":0,"2":0},"f":{},"b":{},"meta":{"lastBranch":0,"lastFunction":0,"lastStatement":3,"seen":{"s:8:15:10:1":0,"s:2:7:2:Infinity":1,"s:2:2:3:Infinity":2},"fnNames":{}}}
,"C:\\Users\\atren\\WebstormProjects\\task-manager-frontend\\src\\components\\ErrorBanner.vue": {"path":"C:\\Users\\atren\\WebstormProjects\\task-manager-frontend\\src\\components\\ErrorBanner.vue","statementMap":{"0":{"start":{"line":24,"column":15},"end":{"line":33,"column":1}},"1":{"start":{"line":11,"column":10},"end":{"line":11,"column":40}},"2":{"start":{"line":16,"column":14},"end":{"line":16,"column":null}}},"fnMap":{"0":{"name":"(anonymous_0)","decl":{"start":{"line":16,"column":12},"end":{"line":16,"column":14}},"loc":{"start":{"line":16,"column":14},"end":{"line":16,"column":null}},"line":16}},"branchMap":{"0":{"loc":{"start":{"line":7,"column":10},"end":{"line":19,"column":13}},"type":"cond-expr","locations":[{"start":{"line":6,"column":2},"end":{"line":19,"column":13}}],"line":7},"1":{"loc":{"start":{"line":16,"column":12},"end":{"line":16,"column":null}},"type":"binary-expr","locations":[{"start":{"line":16,"column":12},"end":{"line":16,"column":14}},{"start":{"line":16,"column":12},"end":{"line":16,"column":null}}],"line":16}},"s":{"0":5,"1":5,"2":1},"f":{"0":1},"b":{"0":[12],"1":[12,12]},"meta":{"lastBranch":0,"lastFunction":0,"lastStatement":0,"seen":{},"fnNames":{}}}
,"C:\\Users\\atren\\WebstormProjects\\task-manager-frontend\\src\\components\\LoginForm.vue": {"path":"C:\\Users\\atren\\WebstormProjects\\task-manager-frontend\\src\\components\\LoginForm.vue","statementMap":{"0":{"start":{"line":37,"column":15},"end":{"line":62,"column":1}},"1":{"start":{"line":40,"column":4},"end":{"line":44,"column":null}},"2":{"start":{"line":48,"column":6},"end":{"line":48,"column":null}},"3":{"start":{"line":49,"column":6},"end":{"line":59,"column":null}},"4":{"start":{"line":50,"column":25},"end":{"line":53,"column":10}},"5":{"start":{"line":54,"column":8},"end":{"line":54,"column":null}},"6":{"start":{"line":55,"column":8},"end":{"line":55,"column":null}},"7":{"start":{"line":56,"column":8},"end":{"line":56,"column":null}},"8":{"start":{"line":58,"column":8},"end":{"line":58,"column":null}},"9":{"start":{"line":2,"column":2},"end":{"line":25,"column":13}},"10":{"start":{"line":2,"column":25},"end":{"line":2,"column":30}},"11":{"start":{"line":5,"column":16},"end":{"line":5,"column":null}},"12":{"start":{"line":10,"column":17},"end":{"line":10,"column":null}},"13":{"start":{"line":18,"column":17},"end":{"line":18,"column":null}}},"fnMap":{"0":{"name":"data","decl":{"start":{"line":39,"column":2},"end":{"line":39,"column":6}},"loc":{"start":{"line":39,"column":9},"end":{"line":45,"column":3}},"line":39},"1":{"name":"login","decl":{"start":{"line":47,"column":10},"end":{"line":47,"column":15}},"loc":{"start":{"line":47,"column":18},"end":{"line":60,"column":null}},"line":47},"2":{"name":"(anonymous_2)","decl":{"start":{"line":2,"column":15},"end":{"line":2,"column":25}},"loc":{"start":{"line":2,"column":25},"end":{"line":2,"column":30}},"line":2},"3":{"name":"(anonymous_3)","decl":{"start":{"line":5,"column":14},"end":{"line":5,"column":16}},"loc":{"start":{"line":5,"column":16},"end":{"line":5,"column":null}},"line":5},"4":{"name":"(anonymous_4)","decl":{"start":{"line":10,"column":17},"end":{"line":10,"column":25}},"loc":{"start":{"line":10,"column":17},"end":{"line":10,"column":null}},"line":10},"5":{"name":"(anonymous_5)","decl":{"start":{"line":18,"column":17},"end":{"line":18,"column":25}},"loc":{"start":{"line":18,"column":17},"end":{"line":18,"column":null}},"line":18}},"branchMap":{"0":{"loc":{"start":{"line":2,"column":15},"end":{"line":2,"column":null}},"type":"binary-expr","locations":[{"start":{"line":2,"column":15},"end":{"line":2,"column":25}},{"start":{"line":2,"column":15},"end":{"line":2,"column":null}}],"line":2},"1":{"loc":{"start":{"line":2,"column":25},"end":{"line":2,"column":30}},"type":"binary-expr","locations":[{"start":{"line":2,"column":25},"end":{"line":2,"column":30}},{"start":{"line":2,"column":25},"end":{"line":2,"column":30}}],"line":2},"2":{"loc":{"start":{"line":5,"column":14},"end":{"line":5,"column":null}},"type":"binary-expr","locations":[{"start":{"line":5,"column":14},"end":{"line":5,"column":16}},{"start":{"line":5,"column":14},"end":{"line":5,"column":null}}],"line":5},"3":{"loc":{"start":{"line":8,"column":6},"end":{"line":8,"column":30}},"type":"binary-expr","locations":[{"start":{"line":8,"column":6},"end":{"line":8,"column":13}},{"start":{"line":8,"column":6},"end":{"line":8,"column":30}}],"line":8},"4":{"loc":{"start":{"line":10,"column":17},"end":{"line":10,"column":null}},"type":"binary-expr","locations":[{"start":{"line":10,"column":17},"end":{"line":10,"column":25}},{"start":{"line":10,"column":17},"end":{"line":10,"column":null}}],"line":10},"5":{"loc":{"start":{"line":16,"column":6},"end":{"line":16,"column":30}},"type":"binary-expr","locations":[{"start":{"line":16,"column":6},"end":{"line":16,"column":13}},{"start":{"line":16,"column":6},"end":{"line":16,"column":30}}],"line":16},"6":{"loc":{"start":{"line":18,"column":17},"end":{"line":18,"column":null}},"type":"binary-expr","locations":[{"start":{"line":18,"column":17},"end":{"line":18,"column":25}},{"start":{"line":18,"column":17},"end":{"line":18,"column":null}}],"line":18},"7":{"loc":{"start":{"line":23,"column":4},"end":{"line":25,"column":13}},"type":"binary-expr","locations":[{"start":{"line":23,"column":4},"end":{"line":23,"column":12}},{"start":{"line":23,"column":4},"end":{"line":25,"column":13}}],"line":23}},"s":{"0":3,"1":5,"2":6,"3":6,"4":6,"5":2,"6":2,"7":2,"8":4,"9":14,"10":6,"11":1,"12":0,"13":0},"f":{"0":5,"1":6,"2":6,"3":1,"4":0,"5":0},"b":{"0":[14,5],"1":[6,6],"2":[14,5],"3":[14,5],"4":[14,5],"5":[14,5],"6":[14,5],"7":[14,5]},"meta":{"lastBranch":8,"lastFunction":6,"lastStatement":14,"seen":{"s:37:15:62:1":0,"f:39:2:39:6":0,"s:40:4:44:Infinity":1,"f:47:10:47:15":1,"s:48:6:48:Infinity":2,"s:49:6:59:Infinity":3,"s:50:25:53:10":4,"s:54:8:54:Infinity":5,"s:55:8:55:Infinity":6,"s:56:8:56:Infinity":7,"s:58:8:58:Infinity":8,"s:2:2:25:13":9,"b:2:15:2:25:2:15:2:Infinity":0,"f:2:15:2:25":2,"s:2:25:2:30":10,"b:2:25:2:30:2:25:2:30":1,"b:5:14:5:16:5:14:5:Infinity":2,"f:5:14:5:16":3,"s:5:16:5:Infinity":11,"b:8:6:8:13:8:6:8:30":3,"b:10:17:10:25:10:17:10:Infinity":4,"f:10:17:10:25":4,"s:10:17:10:Infinity":12,"b:16:6:16:13:16:6:16:30":5,"b:18:17:18:25:18:17:18:Infinity":6,"f:18:17:18:25":5,"s:18:17:18:Infinity":13,"b:23:4:23:12:23:4:25:13":7},"fnNames":{}}}
,"C:\\Users\\atren\\WebstormProjects\\task-manager-frontend\\src\\components\\LogoutButton.vue": {"path":"C:\\Users\\atren\\WebstormProjects\\task-manager-frontend\\src\\components\\LogoutButton.vue","statementMap":{"0":{"start":{"line":17,"column":15},"end":{"line":44,"column":null}},"1":{"start":{"line":19,"column":4},"end":{"line":21,"column":null}},"2":{"start":{"line":25,"column":6},"end":{"line":25,"column":null}},"3":{"start":{"line":26,"column":27},"end":{"line":26,"column":44}},"4":{"start":{"line":28,"column":6},"end":{"line":41,"column":null}},"5":{"start":{"line":31,"column":8},"end":{"line":33,"column":null}},"6":{"start":{"line":32,"column":10},"end":{"line":32,"column":null}},"7":{"start":{"line":38,"column":8},"end":{"line":38,"column":null}},"8":{"start":{"line":39,"column":8},"end":{"line":39,"column":null}},"9":{"start":{"line":40,"column":8},"end":{"line":40,"column":null}},"10":{"start":{"line":2,"column":2},"end":{"line":9,"column":13}},"11":{"start":{"line":6,"column":14},"end":{"line":6,"column":20}}},"fnMap":{"0":{"name":"data","decl":{"start":{"line":18,"column":2},"end":{"line":18,"column":6}},"loc":{"start":{"line":18,"column":9},"end":{"line":22,"column":3}},"line":18},"1":{"name":"logout","decl":{"start":{"line":24,"column":10},"end":{"line":24,"column":16}},"loc":{"start":{"line":24,"column":19},"end":{"line":42,"column":null}},"line":24},"2":{"name":"(anonymous_2)","decl":{"start":{"line":6,"column":12},"end":{"line":6,"column":14}},"loc":{"start":{"line":6,"column":14},"end":{"line":6,"column":20}},"line":6}},"branchMap":{"0":{"loc":{"start":{"line":31,"column":8},"end":{"line":33,"column":null}},"type":"if","locations":[{"start":{"line":31,"column":8},"end":{"line":33,"column":null}},{"start":{},"end":{}}],"line":31},"1":{"loc":{"start":{"line":6,"column":12},"end":{"line":6,"column":null}},"type":"binary-expr","locations":[{"start":{"line":6,"column":12},"end":{"line":6,"column":14}},{"start":{"line":6,"column":12},"end":{"line":6,"column":null}}],"line":6},"2":{"loc":{"start":{"line":6,"column":14},"end":{"line":6,"column":20}},"type":"binary-expr","locations":[{"start":{"line":6,"column":14},"end":{"line":6,"column":20}},{"start":{"line":6,"column":14},"end":{"line":6,"column":20}}],"line":6}},"s":{"0":3,"1":18,"2":3,"3":3,"4":3,"5":3,"6":2,"7":3,"8":3,"9":3,"10":23,"11":3},"f":{"0":18,"1":3,"2":3},"b":{"0":[2,1],"1":[23,18],"2":[3,3]},"meta":{"lastBranch":3,"lastFunction":3,"lastStatement":12,"seen":{"s:17:15:44:Infinity":0,"f:18:2:18:6":0,"s:19:4:21:Infinity":1,"f:24:10:24:16":1,"s:25:6:25:Infinity":2,"s:26:27:26:44":3,"s:28:6:41:Infinity":4,"b:31:8:33:Infinity:undefined:undefined:undefined:undefined":0,"s:31:8:33:Infinity":5,"s:32:10:32:Infinity":6,"s:38:8:38:Infinity":7,"s:39:8:39:Infinity":8,"s:40:8:40:Infinity":9,"s:2:2:9:13":10,"b:6:12:6:14:6:12:6:Infinity":1,"f:6:12:6:14":2,"s:6:14:6:20":11,"b:6:14:6:20:6:14:6:20":2},"fnNames":{}}}
,"C:\\Users\\atren\\WebstormProjects\\task-manager-frontend\\src\\components\\RegisterForm.vue": {"path":"C:\\Users\\atren\\WebstormProjects\\task-manager-frontend\\src\\components\\RegisterForm.vue","statementMap":{"0":{"start":{"line":42,"column":15},"end":{"line":69,"column":1}},"1":{"start":{"line":45,"column":4},"end":{"line":50,"column":null}},"2":{"start":{"line":54,"column":6},"end":{"line":54,"column":null}},"3":{"start":{"line":55,"column":6},"end":{"line":66,"column":null}},"4":{"start":{"line":56,"column":8},"end":{"line":60,"column":null}},"5":{"start":{"line":61,"column":8},"end":{"line":61,"column":null}},"6":{"start":{"line":65,"column":8},"end":{"line":65,"column":null}},"7":{"start":{"line":2,"column":2},"end":{"line":33,"column":13}},"8":{"start":{"line":2,"column":25},"end":{"line":2,"column":33}},"9":{"start":{"line":5,"column":16},"end":{"line":5,"column":null}},"10":{"start":{"line":10,"column":17},"end":{"line":10,"column":null}},"11":{"start":{"line":18,"column":17},"end":{"line":18,"column":null}},"12":{"start":{"line":26,"column":17},"end":{"line":26,"column":null}}},"fnMap":{"0":{"name":"data","decl":{"start":{"line":44,"column":2},"end":{"line":44,"column":6}},"loc":{"start":{"line":44,"column":9},"end":{"line":51,"column":3}},"line":44},"1":{"name":"register","decl":{"start":{"line":53,"column":10},"end":{"line":53,"column":18}},"loc":{"start":{"line":53,"column":21},"end":{"line":67,"column":null}},"line":53},"2":{"name":"(anonymous_2)","decl":{"start":{"line":2,"column":15},"end":{"line":2,"column":25}},"loc":{"start":{"line":2,"column":25},"end":{"line":2,"column":33}},"line":2},"3":{"name":"(anonymous_3)","decl":{"start":{"line":5,"column":14},"end":{"line":5,"column":16}},"loc":{"start":{"line":5,"column":16},"end":{"line":5,"column":null}},"line":5},"4":{"name":"(anonymous_4)","decl":{"start":{"line":10,"column":17},"end":{"line":10,"column":25}},"loc":{"start":{"line":10,"column":17},"end":{"line":10,"column":null}},"line":10},"5":{"name":"(anonymous_5)","decl":{"start":{"line":18,"column":17},"end":{"line":18,"column":22}},"loc":{"start":{"line":18,"column":17},"end":{"line":18,"column":null}},"line":18},"6":{"name":"(anonymous_6)","decl":{"start":{"line":26,"column":17},"end":{"line":26,"column":25}},"loc":{"start":{"line":26,"column":17},"end":{"line":26,"column":null}},"line":26}},"branchMap":{"0":{"loc":{"start":{"line":2,"column":15},"end":{"line":2,"column":null}},"type":"binary-expr","locations":[{"start":{"line":2,"column":15},"end":{"line":2,"column":25}},{"start":{"line":2,"column":15},"end":{"line":2,"column":null}}],"line":2},"1":{"loc":{"start":{"line":2,"column":25},"end":{"line":2,"column":33}},"type":"binary-expr","locations":[{"start":{"line":2,"column":25},"end":{"line":2,"column":33}},{"start":{"line":2,"column":25},"end":{"line":2,"column":33}}],"line":2},"2":{"loc":{"start":{"line":5,"column":14},"end":{"line":5,"column":null}},"type":"binary-expr","locations":[{"start":{"line":5,"column":14},"end":{"line":5,"column":16}},{"start":{"line":5,"column":14},"end":{"line":5,"column":null}}],"line":5},"3":{"loc":{"start":{"line":8,"column":6},"end":{"line":8,"column":30}},"type":"binary-expr","locations":[{"start":{"line":8,"column":6},"end":{"line":8,"column":13}},{"start":{"line":8,"column":6},"end":{"line":8,"column":30}}],"line":8},"4":{"loc":{"start":{"line":10,"column":17},"end":{"line":10,"column":null}},"type":"binary-expr","locations":[{"start":{"line":10,"column":17},"end":{"line":10,"column":25}},{"start":{"line":10,"column":17},"end":{"line":10,"column":null}}],"line":10},"5":{"loc":{"start":{"line":16,"column":6},"end":{"line":16,"column":27}},"type":"binary-expr","locations":[{"start":{"line":16,"column":6},"end":{"line":16,"column":13}},{"start":{"line":16,"column":6},"end":{"line":16,"column":27}}],"line":16},"6":{"loc":{"start":{"line":18,"column":17},"end":{"line":18,"column":null}},"type":"binary-expr","locations":[{"start":{"line":18,"column":17},"end":{"line":18,"column":22}},{"start":{"line":18,"column":17},"end":{"line":18,"column":null}}],"line":18},"7":{"loc":{"start":{"line":24,"column":6},"end":{"line":24,"column":30}},"type":"binary-expr","locations":[{"start":{"line":24,"column":6},"end":{"line":24,"column":13}},{"start":{"line":24,"column":6},"end":{"line":24,"column":30}}],"line":24},"8":{"loc":{"start":{"line":26,"column":17},"end":{"line":26,"column":null}},"type":"binary-expr","locations":[{"start":{"line":26,"column":17},"end":{"line":26,"column":25}},{"start":{"line":26,"column":17},"end":{"line":26,"column":null}}],"line":26},"9":{"loc":{"start":{"line":31,"column":4},"end":{"line":33,"column":13}},"type":"binary-expr","locations":[{"start":{"line":31,"column":4},"end":{"line":31,"column":12}},{"start":{"line":31,"column":4},"end":{"line":33,"column":13}}],"line":31}},"s":{"0":3,"1":4,"2":4,"3":4,"4":4,"5":1,"6":3,"7":8,"8":4,"9":0,"10":0,"11":0,"12":0},"f":{"0":4,"1":4,"2":4,"3":0,"4":0,"5":0,"6":0},"b":{"0":[8,4],"1":[4,4],"2":[8,4],"3":[8,4],"4":[8,4],"5":[8,4],"6":[8,4],"7":[8,4],"8":[8,4],"9":[8,4]},"meta":{"lastBranch":10,"lastFunction":7,"lastStatement":13,"seen":{"s:42:15:69:1":0,"f:44:2:44:6":0,"s:45:4:50:Infinity":1,"f:53:10:53:18":1,"s:54:6:54:Infinity":2,"s:55:6:66:Infinity":3,"s:56:8:60:Infinity":4,"s:61:8:61:Infinity":5,"s:65:8:65:Infinity":6,"s:2:2:33:13":7,"b:2:15:2:25:2:15:2:Infinity":0,"f:2:15:2:25":2,"s:2:25:2:33":8,"b:2:25:2:33:2:25:2:33":1,"b:5:14:5:16:5:14:5:Infinity":2,"f:5:14:5:16":3,"s:5:16:5:Infinity":9,"b:8:6:8:13:8:6:8:30":3,"b:10:17:10:25:10:17:10:Infinity":4,"f:10:17:10:25":4,"s:10:17:10:Infinity":10,"b:16:6:16:13:16:6:16:27":5,"b:18:17:18:22:18:17:18:Infinity":6,"f:18:17:18:22":5,"s:18:17:18:Infinity":11,"b:24:6:24:13:24:6:24:30":7,"b:26:17:26:25:26:17:26:Infinity":8,"f:26:17:26:25":6,"s:26:17:26:Infinity":12,"b:31:4:31:12:31:4:33:13":9},"fnNames":{}}}
,"C:\\Users\\atren\\WebstormProjects\\task-manager-frontend\\src\\components\\TaskFilters.vue": {"path":"C:\\Users\\atren\\WebstormProjects\\task-manager-frontend\\src\\components\\TaskFilters.vue","statementMap":{"0":{"start":{"line":91,"column":28},"end":{"line":97,"column":1}},"1":{"start":{"line":99,"column":28},"end":{"line":99,"column":96}},"2":{"start":{"line":99,"column":35},"end":{"line":99,"column":95}},"3":{"start":{"line":101,"column":15},"end":{"line":123,"column":1}},"4":{"start":{"line":105,"column":4},"end":{"line":112,"column":null}},"5":{"start":{"line":116,"column":6},"end":{"line":116,"column":null}},"6":{"start":{"line":119,"column":6},"end":{"line":119,"column":null}},"7":{"start":{"line":120,"column":6},"end":{"line":120,"column":null}},"8":{"start":{"line":2,"column":2},"end":{"line":83,"column":13}},"9":{"start":{"line":5,"column":21},"end":{"line":5,"column":26}},"10":{"start":{"line":11,"column":17},"end":{"line":11,"column":null}},"11":{"start":{"line":20,"column":17},"end":{"line":20,"column":null}},"12":{"start":{"line":25,"column":8},"end":{"line":30,"column":null}},"13":{"start":{"line":38,"column":17},"end":{"line":38,"column":null}},"14":{"start":{"line":43,"column":8},"end":{"line":48,"column":null}},"15":{"start":{"line":56,"column":17},"end":{"line":56,"column":null}},"16":{"start":{"line":64,"column":17},"end":{"line":64,"column":null}},"17":{"start":{"line":66,"column":8},"end":{"line":71,"column":null}},"18":{"start":{"line":80,"column":14},"end":{"line":80,"column":19}}},"fnMap":{"0":{"name":"(anonymous_0)","decl":{"start":{"line":99,"column":28},"end":{"line":99,"column":29}},"loc":{"start":{"line":99,"column":35},"end":{"line":99,"column":95}},"line":99},"1":{"name":"data","decl":{"start":{"line":104,"column":2},"end":{"line":104,"column":6}},"loc":{"start":{"line":104,"column":9},"end":{"line":113,"column":3}},"line":104},"2":{"name":"apply","decl":{"start":{"line":115,"column":4},"end":{"line":115,"column":9}},"loc":{"start":{"line":115,"column":12},"end":{"line":117,"column":5}},"line":115},"3":{"name":"reset","decl":{"start":{"line":118,"column":4},"end":{"line":118,"column":9}},"loc":{"start":{"line":118,"column":12},"end":{"line":121,"column":null}},"line":118},"4":{"name":"(anonymous_4)","decl":{"start":{"line":5,"column":11},"end":{"line":5,"column":21}},"loc":{"start":{"line":5,"column":21},"end":{"line":5,"column":26}},"line":5},"5":{"name":"(anonymous_5)","decl":{"start":{"line":11,"column":17},"end":{"line":11,"column":22}},"loc":{"start":{"line":11,"column":17},"end":{"line":11,"column":null}},"line":11},"6":{"name":"(anonymous_6)","decl":{"start":{"line":20,"column":17},"end":{"line":20,"column":22}},"loc":{"start":{"line":20,"column":17},"end":{"line":20,"column":null}},"line":20},"7":{"name":"(anonymous_7)","decl":{"start":{"line":26,"column":35},"end":{"line":26,"column":null}},"loc":{"start":{"line":26,"column":23},"end":{"line":30,"column":null}},"line":26},"8":{"name":"(anonymous_8)","decl":{"start":{"line":38,"column":17},"end":{"line":38,"column":22}},"loc":{"start":{"line":38,"column":17},"end":{"line":38,"column":null}},"line":38},"9":{"name":"(anonymous_9)","decl":{"start":{"line":44,"column":37},"end":{"line":44,"column":null}},"loc":{"start":{"line":44,"column":23},"end":{"line":48,"column":null}},"line":44},"10":{"name":"(anonymous_10)","decl":{"start":{"line":56,"column":17},"end":{"line":56,"column":22}},"loc":{"start":{"line":56,"column":17},"end":{"line":56,"column":null}},"line":56},"11":{"name":"(anonymous_11)","decl":{"start":{"line":64,"column":17},"end":{"line":64,"column":22}},"loc":{"start":{"line":64,"column":17},"end":{"line":64,"column":null}},"line":64},"12":{"name":"(anonymous_12)","decl":{"start":{"line":67,"column":38},"end":{"line":67,"column":null}},"loc":{"start":{"line":67,"column":23},"end":{"line":71,"column":null}},"line":67},"13":{"name":"(anonymous_13)","decl":{"start":{"line":80,"column":12},"end":{"line":80,"column":14}},"loc":{"start":{"line":80,"column":14},"end":{"line":80,"column":19}},"line":80}},"branchMap":{"0":{"loc":{"start":{"line":5,"column":11},"end":{"line":5,"column":null}},"type":"binary-expr","locations":[{"start":{"line":5,"column":11},"end":{"line":5,"column":21}},{"start":{"line":5,"column":11},"end":{"line":5,"column":null}}],"line":5},"1":{"loc":{"start":{"line":5,"column":21},"end":{"line":5,"column":26}},"type":"binary-expr","locations":[{"start":{"line":5,"column":21},"end":{"line":5,"column":26}},{"start":{"line":5,"column":21},"end":{"line":5,"column":26}}],"line":5},"2":{"loc":{"start":{"line":8,"column":6},"end":{"line":8,"column":43}},"type":"binary-expr","locations":[{"start":{"line":8,"column":6},"end":{"line":8,"column":13}},{"start":{"line":8,"column":6},"end":{"line":8,"column":43}}],"line":8},"3":{"loc":{"start":{"line":11,"column":17},"end":{"line":11,"column":null}},"type":"binary-expr","locations":[{"start":{"line":11,"column":17},"end":{"line":11,"column":22}},{"start":{"line":11,"column":17},"end":{"line":11,"column":null}}],"line":11},"4":{"loc":{"start":{"line":17,"column":6},"end":{"line":17,"column":48}},"type":"binary-expr","locations":[{"start":{"line":17,"column":6},"end":{"line":17,"column":13}},{"start":{"line":17,"column":6},"end":{"line":17,"column":48}}],"line":17},"5":{"loc":{"start":{"line":20,"column":17},"end":{"line":20,"column":null}},"type":"binary-expr","locations":[{"start":{"line":20,"column":17},"end":{"line":20,"column":22}},{"start":{"line":20,"column":17},"end":{"line":20,"column":null}}],"line":20},"6":{"loc":{"start":{"line":22,"column":8},"end":{"line":24,"column":17}},"type":"binary-expr","locations":[{"start":{"line":22,"column":8},"end":{"line":22,"column":16}},{"start":{"line":22,"column":8},"end":{"line":24,"column":17}}],"line":22},"7":{"loc":{"start":{"line":35,"column":6},"end":{"line":35,"column":52}},"type":"binary-expr","locations":[{"start":{"line":35,"column":6},"end":{"line":35,"column":13}},{"start":{"line":35,"column":6},"end":{"line":35,"column":52}}],"line":35},"8":{"loc":{"start":{"line":38,"column":17},"end":{"line":38,"column":null}},"type":"binary-expr","locations":[{"start":{"line":38,"column":17},"end":{"line":38,"column":22}},{"start":{"line":38,"column":17},"end":{"line":38,"column":null}}],"line":38},"9":{"loc":{"start":{"line":40,"column":8},"end":{"line":42,"column":17}},"type":"binary-expr","locations":[{"start":{"line":40,"column":8},"end":{"line":40,"column":16}},{"start":{"line":40,"column":8},"end":{"line":42,"column":17}}],"line":40},"10":{"loc":{"start":{"line":53,"column":6},"end":{"line":53,"column":56}},"type":"binary-expr","locations":[{"start":{"line":53,"column":6},"end":{"line":53,"column":13}},{"start":{"line":53,"column":6},"end":{"line":53,"column":56}}],"line":53},"11":{"loc":{"start":{"line":56,"column":17},"end":{"line":56,"column":null}},"type":"binary-expr","locations":[{"start":{"line":56,"column":17},"end":{"line":56,"column":22}},{"start":{"line":56,"column":17},"end":{"line":56,"column":null}}],"line":56},"12":{"loc":{"start":{"line":61,"column":6},"end":{"line":61,"column":47}},"type":"binary-expr","locations":[{"start":{"line":61,"column":6},"end":{"line":61,"column":13}},{"start":{"line":61,"column":6},"end":{"line":61,"column":47}}],"line":61},"13":{"loc":{"start":{"line":64,"column":17},"end":{"line":64,"column":null}},"type":"binary-expr","locations":[{"start":{"line":64,"column":17},"end":{"line":64,"column":22}},{"start":{"line":64,"column":17},"end":{"line":64,"column":null}}],"line":64},"14":{"loc":{"start":{"line":75,"column":4},"end":{"line":77,"column":13}},"type":"binary-expr","locations":[{"start":{"line":75,"column":4},"end":{"line":75,"column":12}},{"start":{"line":75,"column":4},"end":{"line":77,"column":13}}],"line":75},"15":{"loc":{"start":{"line":80,"column":12},"end":{"line":80,"column":null}},"type":"binary-expr","locations":[{"start":{"line":80,"column":12},"end":{"line":80,"column":14}},{"start":{"line":80,"column":12},"end":{"line":80,"column":null}}],"line":80},"16":{"loc":{"start":{"line":80,"column":14},"end":{"line":80,"column":19}},"type":"binary-expr","locations":[{"start":{"line":80,"column":14},"end":{"line":80,"column":19}},{"start":{"line":80,"column":14},"end":{"line":80,"column":19}}],"line":80}},"s":{"0":3,"1":3,"2":39,"3":3,"4":21,"5":4,"6":1,"7":1,"8":31,"9":3,"10":4,"11":2,"12":93,"13":1,"14":93,"15":1,"16":1,"17":155,"18":1},"f":{"0":39,"1":21,"2":4,"3":1,"4":3,"5":4,"6":2,"7":93,"8":1,"9":93,"10":1,"11":1,"12":155,"13":1},"b":{"0":[31,21],"1":[3,3],"2":[31,21],"3":[31,21],"4":[31,21],"5":[31,21],"6":[31,21],"7":[31,21],"8":[31,21],"9":[31,21],"10":[31,21],"11":[31,21],"12":[31,21],"13":[31,21],"14":[31,21],"15":[31,21],"16":[1,1]},"meta":{"lastBranch":17,"lastFunction":14,"lastStatement":19,"seen":{"s:91:28:97:1":0,"s:99:28:99:96":1,"f:99:28:99:29":0,"s:99:35:99:95":2,"s:101:15:123:1":3,"f:104:2:104:6":1,"s:105:4:112:Infinity":4,"f:115:4:115:9":2,"s:116:6:116:Infinity":5,"f:118:4:118:9":3,"s:119:6:119:Infinity":6,"s:120:6:120:Infinity":7,"s:2:2:83:13":8,"b:5:11:5:21:5:11:5:Infinity":0,"f:5:11:5:21":4,"s:5:21:5:26":9,"b:5:21:5:26:5:21:5:26":1,"b:8:6:8:13:8:6:8:43":2,"b:11:17:11:22:11:17:11:Infinity":3,"f:11:17:11:22":5,"s:11:17:11:Infinity":10,"b:17:6:17:13:17:6:17:48":4,"b:20:17:20:22:20:17:20:Infinity":5,"f:20:17:20:22":6,"s:20:17:20:Infinity":11,"b:22:8:22:16:22:8:24:17":6,"f:26:35:26:Infinity":7,"s:25:8:30:Infinity":12,"b:35:6:35:13:35:6:35:52":7,"b:38:17:38:22:38:17:38:Infinity":8,"f:38:17:38:22":8,"s:38:17:38:Infinity":13,"b:40:8:40:16:40:8:42:17":9,"f:44:37:44:Infinity":9,"s:43:8:48:Infinity":14,"b:53:6:53:13:53:6:53:56":10,"b:56:17:56:22:56:17:56:Infinity":11,"f:56:17:56:22":10,"s:56:17:56:Infinity":15,"b:61:6:61:13:61:6:61:47":12,"b:64:17:64:22:64:17:64:Infinity":13,"f:64:17:64:22":11,"s:64:17:64:Infinity":16,"f:67:38:67:Infinity":12,"s:66:8:71:Infinity":17,"b:75:4:75:12:75:4:77:13":14,"b:80:12:80:14:80:12:80:Infinity":15,"f:80:12:80:14":13,"s:80:14:80:19":18,"b:80:14:80:19:80:14:80:19":16},"fnNames":{}}}
,"C:\\Users\\atren\\WebstormProjects\\task-manager-frontend\\src\\components\\TaskForm.vue": {"path":"C:\\Users\\atren\\WebstormProjects\\task-manager-frontend\\src\\components\\TaskForm.vue","statementMap":{"0":{"start":{"line":61,"column":15},"end":{"line":84,"column":1}},"1":{"start":{"line":74,"column":4},"end":{"line":77,"column":null}},"2":{"start":{"line":81,"column":6},"end":{"line":81,"column":null}},"3":{"start":{"line":51,"column":12},"end":{"line":51,"column":null}},"4":{"start":{"line":2,"column":2},"end":{"line":53,"column":13}},"5":{"start":{"line":2,"column":25},"end":{"line":2,"column":35}},"6":{"start":{"line":6,"column":17},"end":{"line":6,"column":null}},"7":{"start":{"line":12,"column":25},"end":{"line":12,"column":45}},"8":{"start":{"line":17,"column":17},"end":{"line":17,"column":null}},"9":{"start":{"line":25,"column":17},"end":{"line":25,"column":null}},"10":{"start":{"line":27,"column":8},"end":{"line":32,"column":null}},"11":{"start":{"line":40,"column":17},"end":{"line":40,"column":null}},"12":{"start":{"line":42,"column":8},"end":{"line":47,"column":null}}},"fnMap":{"0":{"name":"data","decl":{"start":{"line":73,"column":2},"end":{"line":73,"column":6}},"loc":{"start":{"line":73,"column":9},"end":{"line":78,"column":3}},"line":73},"1":{"name":"submitTask","decl":{"start":{"line":80,"column":4},"end":{"line":80,"column":14}},"loc":{"start":{"line":80,"column":17},"end":{"line":82,"column":null}},"line":80},"2":{"name":"(anonymous_2)","decl":{"start":{"line":2,"column":15},"end":{"line":2,"column":25}},"loc":{"start":{"line":2,"column":25},"end":{"line":2,"column":35}},"line":2},"3":{"name":"(anonymous_3)","decl":{"start":{"line":6,"column":17},"end":{"line":6,"column":21}},"loc":{"start":{"line":6,"column":17},"end":{"line":6,"column":null}},"line":6},"4":{"name":"(anonymous_4)","decl":{"start":{"line":12,"column":25},"end":{"line":12,"column":29}},"loc":{"start":{"line":12,"column":25},"end":{"line":12,"column":45}},"line":12},"5":{"name":"(anonymous_5)","decl":{"start":{"line":17,"column":17},"end":{"line":17,"column":21}},"loc":{"start":{"line":17,"column":17},"end":{"line":17,"column":null}},"line":17},"6":{"name":"(anonymous_6)","decl":{"start":{"line":25,"column":17},"end":{"line":25,"column":21}},"loc":{"start":{"line":25,"column":17},"end":{"line":25,"column":null}},"line":25},"7":{"name":"(anonymous_7)","decl":{"start":{"line":28,"column":35},"end":{"line":28,"column":null}},"loc":{"start":{"line":28,"column":23},"end":{"line":32,"column":null}},"line":28},"8":{"name":"(anonymous_8)","decl":{"start":{"line":40,"column":17},"end":{"line":40,"column":21}},"loc":{"start":{"line":40,"column":17},"end":{"line":40,"column":null}},"line":40},"9":{"name":"(anonymous_9)","decl":{"start":{"line":43,"column":37},"end":{"line":43,"column":null}},"loc":{"start":{"line":43,"column":23},"end":{"line":47,"column":null}},"line":43}},"branchMap":{"0":{"loc":{"start":{"line":2,"column":15},"end":{"line":2,"column":null}},"type":"binary-expr","locations":[{"start":{"line":2,"column":15},"end":{"line":2,"column":25}},{"start":{"line":2,"column":15},"end":{"line":2,"column":null}}],"line":2},"1":{"loc":{"start":{"line":2,"column":25},"end":{"line":2,"column":35}},"type":"binary-expr","locations":[{"start":{"line":2,"column":25},"end":{"line":2,"column":35}},{"start":{"line":2,"column":25},"end":{"line":2,"column":35}}],"line":2},"2":{"loc":{"start":{"line":4,"column":6},"end":{"line":4,"column":27}},"type":"binary-expr","locations":[{"start":{"line":4,"column":6},"end":{"line":4,"column":13}},{"start":{"line":4,"column":6},"end":{"line":4,"column":27}}],"line":4},"3":{"loc":{"start":{"line":6,"column":17},"end":{"line":6,"column":null}},"type":"binary-expr","locations":[{"start":{"line":6,"column":17},"end":{"line":6,"column":21}},{"start":{"line":6,"column":17},"end":{"line":6,"column":null}}],"line":6},"4":{"loc":{"start":{"line":11,"column":6},"end":{"line":11,"column":33}},"type":"binary-expr","locations":[{"start":{"line":11,"column":6},"end":{"line":11,"column":13}},{"start":{"line":11,"column":6},"end":{"line":11,"column":33}}],"line":11},"5":{"loc":{"start":{"line":12,"column":25},"end":{"line":12,"column":45}},"type":"binary-expr","locations":[{"start":{"line":12,"column":25},"end":{"line":12,"column":29}},{"start":{"line":12,"column":25},"end":{"line":12,"column":45}}],"line":12},"6":{"loc":{"start":{"line":15,"column":6},"end":{"line":15,"column":30}},"type":"binary-expr","locations":[{"start":{"line":15,"column":6},"end":{"line":15,"column":13}},{"start":{"line":15,"column":6},"end":{"line":15,"column":30}}],"line":15},"7":{"loc":{"start":{"line":17,"column":17},"end":{"line":17,"column":null}},"type":"binary-expr","locations":[{"start":{"line":17,"column":17},"end":{"line":17,"column":21}},{"start":{"line":17,"column":17},"end":{"line":17,"column":null}}],"line":17},"8":{"loc":{"start":{"line":22,"column":6},"end":{"line":22,"column":46}},"type":"binary-expr","locations":[{"start":{"line":22,"column":6},"end":{"line":22,"column":13}},{"start":{"line":22,"column":6},"end":{"line":22,"column":46}}],"line":22},"9":{"loc":{"start":{"line":25,"column":17},"end":{"line":25,"column":null}},"type":"binary-expr","locations":[{"start":{"line":25,"column":17},"end":{"line":25,"column":21}},{"start":{"line":25,"column":17},"end":{"line":25,"column":null}}],"line":25},"10":{"loc":{"start":{"line":37,"column":6},"end":{"line":37,"column":50}},"type":"binary-expr","locations":[{"start":{"line":37,"column":6},"end":{"line":37,"column":13}},{"start":{"line":37,"column":6},"end":{"line":37,"column":50}}],"line":37},"11":{"loc":{"start":{"line":40,"column":17},"end":{"line":40,"column":null}},"type":"binary-expr","locations":[{"start":{"line":40,"column":17},"end":{"line":40,"column":21}},{"start":{"line":40,"column":17},"end":{"line":40,"column":null}}],"line":40},"12":{"loc":{"start":{"line":52,"column":9},"end":{"line":52,"column":43}},"type":"cond-expr","locations":[{"start":{"line":52,"column":18},"end":{"line":52,"column":43}},{"start":{"line":52,"column":18},"end":{"line":52,"column":43}}],"line":52}},"s":{"0":3,"1":20,"2":1,"3":3,"4":25,"5":1,"6":0,"7":0,"8":0,"9":1,"10":75,"11":0,"12":75},"f":{"0":20,"1":1,"2":1,"3":0,"4":0,"5":0,"6":1,"7":75,"8":0,"9":75},"b":{"0":[25,20],"1":[1,1],"2":[25,20],"3":[25,20],"4":[25,20],"5":[25,20],"6":[25,20],"7":[25,20],"8":[25,20],"9":[25,20],"10":[25,20],"11":[25,20],"12":[6,19]},"meta":{"lastBranch":13,"lastFunction":10,"lastStatement":13,"seen":{"s:61:15:84:1":0,"f:73:2:73:6":0,"s:74:4:77:Infinity":1,"f:80:4:80:14":1,"s:81:6:81:Infinity":2,"s:51:12:51:Infinity":3,"s:2:2:53:13":4,"b:2:15:2:25:2:15:2:Infinity":0,"f:2:15:2:25":2,"s:2:25:2:35":5,"b:2:25:2:35:2:25:2:35":1,"b:4:6:4:13:4:6:4:27":2,"b:6:17:6:21:6:17:6:Infinity":3,"f:6:17:6:21":3,"s:6:17:6:Infinity":6,"b:11:6:11:13:11:6:11:33":4,"b:12:25:12:29:12:25:12:45":5,"f:12:25:12:29":4,"s:12:25:12:45":7,"b:15:6:15:13:15:6:15:30":6,"b:17:17:17:21:17:17:17:Infinity":7,"f:17:17:17:21":5,"s:17:17:17:Infinity":8,"b:22:6:22:13:22:6:22:46":8,"b:25:17:25:21:25:17:25:Infinity":9,"f:25:17:25:21":6,"s:25:17:25:Infinity":9,"f:28:35:28:Infinity":7,"s:27:8:32:Infinity":10,"b:37:6:37:13:37:6:37:50":10,"b:40:17:40:21:40:17:40:Infinity":11,"f:40:17:40:21":8,"s:40:17:40:Infinity":11,"f:43:37:43:Infinity":9,"s:42:8:47:Infinity":12,"b:52:18:52:43:52:18:52:43":12},"fnNames":{}}}
,"C:\\Users\\atren\\WebstormProjects\\task-manager-frontend\\src\\components\\TaskList.vue": {"path":"C:\\Users\\atren\\WebstormProjects\\task-manager-frontend\\src\\components\\TaskList.vue","statementMap":{"0":{"start":{"line":52,"column":15},"end":{"line":87,"column":1}},"1":{"start":{"line":72,"column":6},"end":{"line":72,"column":null}},"2":{"start":{"line":75,"column":27},"end":{"line":75,"column":87}},"3":{"start":{"line":76,"column":6},"end":{"line":78,"column":null}},"4":{"start":{"line":77,"column":8},"end":{"line":77,"column":null}},"5":{"start":{"line":81,"column":6},"end":{"line":81,"column":null}},"6":{"start":{"line":84,"column":6},"end":{"line":84,"column":null}},"7":{"start":{"line":2,"column":7},"end":{"line":2,"column":null}},"8":{"start":{"line":9,"column":16},"end":{"line":9,"column":38}},"9":{"start":{"line":10,"column":14},"end":{"line":10,"column":37}},"10":{"start":{"line":11,"column":14},"end":{"line":11,"column":39}},"11":{"start":{"line":2,"column":2},"end":{"line":43,"column":32}},"12":{"start":{"line":4,"column":6},"end":{"line":20,"column":17}},"13":{"start":{"line":14,"column":18},"end":{"line":14,"column":null}},"14":{"start":{"line":18,"column":24},"end":{"line":18,"column":45}},"15":{"start":{"line":30,"column":16},"end":{"line":30,"column":28}},"16":{"start":{"line":37,"column":16},"end":{"line":37,"column":24}}},"fnMap":{"0":{"name":"editTask","decl":{"start":{"line":71,"column":4},"end":{"line":71,"column":12}},"loc":{"start":{"line":71,"column":19},"end":{"line":73,"column":5}},"line":71},"1":{"name":"deleteTask","decl":{"start":{"line":74,"column":4},"end":{"line":74,"column":14}},"loc":{"start":{"line":74,"column":19},"end":{"line":79,"column":5}},"line":74},"2":{"name":"nextPage","decl":{"start":{"line":80,"column":4},"end":{"line":80,"column":12}},"loc":{"start":{"line":80,"column":15},"end":{"line":82,"column":5}},"line":80},"3":{"name":"previousPage","decl":{"start":{"line":83,"column":4},"end":{"line":83,"column":16}},"loc":{"start":{"line":83,"column":19},"end":{"line":85,"column":null}},"line":83},"4":{"name":"(anonymous_4)","decl":{"start":{"line":5,"column":28},"end":{"line":5,"column":null}},"loc":{"start":{"line":5,"column":19},"end":{"line":20,"column":17}},"line":5},"5":{"name":"(anonymous_5)","decl":{"start":{"line":14,"column":16},"end":{"line":14,"column":18}},"loc":{"start":{"line":14,"column":18},"end":{"line":14,"column":null}},"line":14},"6":{"name":"(anonymous_6)","decl":{"start":{"line":18,"column":22},"end":{"line":18,"column":24}},"loc":{"start":{"line":18,"column":24},"end":{"line":18,"column":45}},"line":18},"7":{"name":"(anonymous_7)","decl":{"start":{"line":30,"column":14},"end":{"line":30,"column":16}},"loc":{"start":{"line":30,"column":16},"end":{"line":30,"column":28}},"line":30},"8":{"name":"(anonymous_8)","decl":{"start":{"line":37,"column":14},"end":{"line":37,"column":16}},"loc":{"start":{"line":37,"column":16},"end":{"line":37,"column":24}},"line":37}},"branchMap":{"0":{"loc":{"start":{"line":76,"column":6},"end":{"line":78,"column":null}},"type":"if","locations":[{"start":{"line":76,"column":6},"end":{"line":78,"column":null}},{"start":{},"end":{}}],"line":76},"1":{"loc":{"start":{"line":25,"column":12},"end":{"line":43,"column":32}},"type":"cond-expr","locations":[{"start":{"line":24,"column":4},"end":{"line":40,"column":15}},{"start":{"line":42,"column":4},"end":{"line":43,"column":32}}],"line":25},"2":{"loc":{"start":{"line":30,"column":14},"end":{"line":30,"column":null}},"type":"binary-expr","locations":[{"start":{"line":30,"column":14},"end":{"line":30,"column":16}},{"start":{"line":30,"column":14},"end":{"line":30,"column":null}}],"line":30},"3":{"loc":{"start":{"line":30,"column":16},"end":{"line":30,"column":28}},"type":"binary-expr","locations":[{"start":{"line":30,"column":16},"end":{"line":30,"column":28}},{"start":{"line":30,"column":16},"end":{"line":30,"column":28}}],"line":30},"4":{"loc":{"start":{"line":37,"column":14},"end":{"line":37,"column":null}},"type":"binary-expr","locations":[{"start":{"line":37,"column":14},"end":{"line":37,"column":16}},{"start":{"line":37,"column":14},"end":{"line":37,"column":null}}],"line":37},"5":{"loc":{"start":{"line":37,"column":16},"end":{"line":37,"column":24}},"type":"binary-expr","locations":[{"start":{"line":37,"column":16},"end":{"line":37,"column":24}},{"start":{"line":37,"column":16},"end":{"line":37,"column":24}}],"line":37},"6":{"loc":{"start":{"line":44,"column":10},"end":{"line":43,"column":32}},"type":"binary-expr","locations":[{"start":{"line":44,"column":10},"end":{"line":44,"column":null}},{"start":{"line":44,"column":10},"end":{"line":43,"column":32}}],"line":44}},"s":{"0":3,"1":1,"2":2,"3":2,"4":1,"5":1,"6":1,"7":3,"8":3,"9":3,"10":3,"11":44,"12":36,"13":1,"14":2,"15":1,"16":1},"f":{"0":1,"1":2,"2":1,"3":1,"4":36,"5":1,"6":2,"7":1,"8":1},"b":{"0":[1,1],"1":[28,16],"2":[28,23],"3":[1,1],"4":[28,23],"5":[1,1],"6":[16,16]},"meta":{"lastBranch":7,"lastFunction":9,"lastStatement":17,"seen":{"s:52:15:87:1":0,"f:71:4:71:12":0,"s:72:6:72:Infinity":1,"f:74:4:74:14":1,"s:75:27:75:87":2,"b:76:6:78:Infinity:undefined:undefined:undefined:undefined":0,"s:76:6:78:Infinity":3,"s:77:8:77:Infinity":4,"f:80:4:80:12":2,"s:81:6:81:Infinity":5,"f:83:4:83:16":3,"s:84:6:84:Infinity":6,"s:2:7:2:Infinity":7,"s:9:16:9:38":8,"s:10:14:10:37":9,"s:11:14:11:39":10,"s:2:2:43:32":11,"f:5:28:5:Infinity":4,"s:4:6:20:17":12,"f:14:16:14:18":5,"s:14:18:14:Infinity":13,"f:18:22:18:24":6,"s:18:24:18:45":14,"b:24:4:40:15:42:4:43:32":1,"b:30:14:30:16:30:14:30:Infinity":2,"f:30:14:30:16":7,"s:30:16:30:28":15,"b:30:16:30:28:30:16:30:28":3,"b:37:14:37:16:37:14:37:Infinity":4,"f:37:14:37:16":8,"s:37:16:37:24":16,"b:37:16:37:24:37:16:37:24":5,"b:44:10:44:Infinity:44:10:43:32":6},"fnNames":{}}}
,"C:\\Users\\atren\\WebstormProjects\\task-manager-frontend\\src\\constants\\taskPriority.js": {"path":"C:\\Users\\atren\\WebstormProjects\\task-manager-frontend\\src\\constants\\taskPriority.js","statementMap":{"0":{"start":{"line":3,"column":31},"end":{"line":7,"column":1}},"1":{"start":{"line":9,"column":37},"end":{"line":9,"column":45}},"2":{"start":{"line":11,"column":29},"end":{"line":12,"column":80}},"3":{"start":{"line":12,"column":4},"end":{"line":12,"column":80}},"4":{"start":{"line":12,"column":39},"end":{"line":12,"column":63}}},"fnMap":{"0":{"name":"(anonymous_0)","decl":{"start":{"line":11,"column":29},"end":{"line":11,"column":30}},"loc":{"start":{"line":12,"column":4},"end":{"line":12,"column":80}},"line":12},"1":{"name":"(anonymous_1)","decl":{"start":{"line":12,"column":25},"end":{"line":12,"column":26}},"loc":{"start":{"line":12,"column":39},"end":{"line":12,"column":63}},"line":12}},"branchMap":{"0":{"loc":{"start":{"line":12,"column":4},"end":{"line":12,"column":80}},"type":"binary-expr","locations":[{"start":{"line":12,"column":4},"end":{"line":12,"column":71}},{"start":{"line":12,"column":75},"end":{"line":12,"column":80}}],"line":12}},"s":{"0":6,"1":6,"2":6,"3":39,"4":79},"f":{"0":39,"1":79},"b":{"0":[39,19]},"meta":{"lastBranch":1,"lastFunction":2,"lastStatement":5,"seen":{"s:3:31:7:1":0,"s:9:37:9:45":1,"s:11:29:12:80":2,"f:11:29:11:30":0,"s:12:4:12:80":3,"b:12:4:12:71:12:75:12:80":0,"f:12:25:12:26":1,"s:12:39:12:63":4},"fnNames":{}}}
,"C:\\Users\\atren\\WebstormProjects\\task-manager-frontend\\src\\constants\\taskStatus.js": {"path":"C:\\Users\\atren\\WebstormProjects\\task-manager-frontend\\src\\constants\\taskStatus.js","statementMap":{"0":{"start":{"line":3,"column":29},"end":{"line":7,"column":1}},"1":{"start":{"line":9,"column":35},"end":{"line":9,"column":44}},"2":{"start":{"line":11,"column":27},"end":{"line":12,"column":74}},"3":{"start":{"line":12,"column":4},"end":{"line":12,"column":74}},"4":{"start":{"line":12,"column":35},"end":{"line":12,"column":57}}},"fnMap":{"0":{"name":"(anonymous_0)","decl":{"start":{"line":11,"column":27},"end":{"line":11,"column":28}},"loc":{"start":{"line":12,"column":4},"end":{"line":12,"column":74}},"line":12},"1":{"name":"(anonymous_1)","decl":{"start":{"line":12,"column":23},"end":{"line":12,"column":24}},"loc":{"start":{"line":12,"column":35},"end":{"line":12,"column":57}},"line":12}},"branchMap":{"0":{"loc":{"start":{"line":12,"column":4},"end":{"line":12,"column":74}},"type":"binary-expr","locations":[{"start":{"line":12,"column":4},"end":{"line":12,"column":65}},{"start":{"line":12,"column":69},"end":{"line":12,"column":74}}],"line":12}},"s":{"0":6,"1":6,"2":6,"3":39,"4":62},"f":{"0":39,"1":62},"b":{"0":[39,3]},"meta":{"lastBranch":1,"lastFunction":2,"lastStatement":5,"seen":{"s:3:29:7:1":0,"s:9:35:9:44":1,"s:11:27:12:74":2,"f:11:27:11:28":0,"s:12:4:12:74":3,"b:12:4:12:65:12:69:12:74":0,"f:12:23:12:24":1,"s:12:35:12:57":4},"fnNames":{}}}
,"C:\\Users\\atren\\WebstormProjects\\task-manager-frontend\\src\\router\\index.js": {"path":"C:\\Users\\atren\\WebstormProjects\\task-manager-frontend\\src\\router\\index.js","statementMap":{"0":{"start":{"line":7,"column":15},"end":{"line":12,"column":1}},"1":{"start":{"line":14,"column":15},"end":{"line":18,"column":2}},"2":{"start":{"line":22,"column":0},"end":{"line":32,"column":3}},"3":{"start":{"line":23,"column":26},"end":{"line":23,"column":51}},"4":{"start":{"line":25,"column":2},"end":{"line":27,"column":3}},"5":{"start":{"line":25,"column":32},"end":{"line":25,"column":56}},"6":{"start":{"line":26,"column":4},"end":{"line":26,"column":29}},"7":{"start":{"line":28,"column":2},"end":{"line":30,"column":3}},"8":{"start":{"line":28,"column":32},"end":{"line":28,"column":57}},"9":{"start":{"line":29,"column":4},"end":{"line":29,"column":29}},"10":{"start":{"line":31,"column":2},"end":{"line":31,"column":14}}},"fnMap":{"0":{"name":"(anonymous_0)","decl":{"start":{"line":22,"column":18},"end":{"line":22,"column":19}},"loc":{"start":{"line":22,"column":26},"end":{"line":32,"column":1}},"line":22},"1":{"name":"(anonymous_1)","decl":{"start":{"line":25,"column":22},"end":{"line":25,"column":28}},"loc":{"start":{"line":25,"column":32},"end":{"line":25,"column":56}},"line":25},"2":{"name":"(anonymous_2)","decl":{"start":{"line":28,"column":22},"end":{"line":28,"column":28}},"loc":{"start":{"line":28,"column":32},"end":{"line":28,"column":57}},"line":28}},"branchMap":{"0":{"loc":{"start":{"line":25,"column":2},"end":{"line":27,"column":3}},"type":"if","locations":[{"start":{"line":25,"column":2},"end":{"line":27,"column":3}},{"start":{},"end":{}}],"line":25},"1":{"loc":{"start":{"line":25,"column":6},"end":{"line":25,"column":77}},"type":"binary-expr","locations":[{"start":{"line":25,"column":6},"end":{"line":25,"column":57}},{"start":{"line":25,"column":61},"end":{"line":25,"column":77}}],"line":25},"2":{"loc":{"start":{"line":28,"column":2},"end":{"line":30,"column":3}},"type":"if","locations":[{"start":{"line":28,"column":2},"end":{"line":30,"column":3}},{"start":{},"end":{}}],"line":28},"3":{"loc":{"start":{"line":28,"column":6},"end":{"line":28,"column":77}},"type":"binary-expr","locations":[{"start":{"line":28,"column":6},"end":{"line":28,"column":58}},{"start":{"line":28,"column":62},"end":{"line":28,"column":77}}],"line":28}},"s":{"0":1,"1":1,"2":1,"3":14,"4":14,"5":14,"6":1,"7":13,"8":13,"9":2,"10":11},"f":{"0":14,"1":14,"2":13},"b":{"0":[1,13],"1":[14,4],"2":[2,11],"3":[13,10]},"meta":{"lastBranch":4,"lastFunction":3,"lastStatement":11,"seen":{"s:7:15:12:1":0,"s:14:15:18:2":1,"s:22:0:32:3":2,"f:22:18:22:19":0,"s:23:26:23:51":3,"b:25:2:27:3:undefined:undefined:undefined:undefined":0,"s:25:2:27:3":4,"b:25:6:25:57:25:61:25:77":1,"f:25:22:25:28":1,"s:25:32:25:56":5,"s:26:4:26:29":6,"b:28:2:30:3:undefined:undefined:undefined:undefined":2,"s:28:2:30:3":7,"b:28:6:28:58:28:62:28:77":3,"f:28:22:28:28":2,"s:28:32:28:57":8,"s:29:4:29:29":9,"s:31:2:31:14":10},"fnNames":{}}}
,"C:\\Users\\atren\\WebstormProjects\\task-manager-frontend\\src\\utils\\auth.js": {"path":"C:\\Users\\atren\\WebstormProjects\\task-manager-frontend\\src\\utils\\auth.js","statementMap":{"0":{"start":{"line":1,"column":30},"end":{"line":3,"column":1}},"1":{"start":{"line":2,"column":4},"end":{"line":2,"column":48}},"2":{"start":{"line":5,"column":30},"end":{"line":7,"column":1}},"3":{"start":{"line":6,"column":4},"end":{"line":6,"column":48}},"4":{"start":{"line":9,"column":31},"end":{"line":11,"column":1}},"5":{"start":{"line":10,"column":4},"end":{"line":10,"column":49}},"6":{"start":{"line":13,"column":31},"end":{"line":15,"column":1}},"7":{"start":{"line":14,"column":4},"end":{"line":14,"column":49}},"8":{"start":{"line":17,"column":27},"end":{"line":20,"column":1}},"9":{"start":{"line":18,"column":4},"end":{"line":18,"column":44}},"10":{"start":{"line":19,"column":4},"end":{"line":19,"column":45}}},"fnMap":{"0":{"name":"(anonymous_0)","decl":{"start":{"line":1,"column":30},"end":{"line":1,"column":31}},"loc":{"start":{"line":1,"column":41},"end":{"line":3,"column":1}},"line":1},"1":{"name":"(anonymous_1)","decl":{"start":{"line":5,"column":30},"end":{"line":5,"column":31}},"loc":{"start":{"line":5,"column":36},"end":{"line":7,"column":1}},"line":5},"2":{"name":"(anonymous_2)","decl":{"start":{"line":9,"column":31},"end":{"line":9,"column":32}},"loc":{"start":{"line":9,"column":42},"end":{"line":11,"column":1}},"line":9},"3":{"name":"(anonymous_3)","decl":{"start":{"line":13,"column":31},"end":{"line":13,"column":32}},"loc":{"start":{"line":13,"column":37},"end":{"line":15,"column":1}},"line":13},"4":{"name":"(anonymous_4)","decl":{"start":{"line":17,"column":27},"end":{"line":17,"column":28}},"loc":{"start":{"line":17,"column":33},"end":{"line":20,"column":1}},"line":17}},"branchMap":{},"s":{"0":7,"1":14,"2":7,"3":21,"4":7,"5":12,"6":7,"7":12,"8":7,"9":5,"10":5},"f":{"0":14,"1":21,"2":12,"3":12,"4":5},"b":{},"meta":{"lastBranch":0,"lastFunction":5,"lastStatement":11,"seen":{"s:1:30:3:1":0,"f:1:30:1:31":0,"s:2:4:2:48":1,"s:5:30:7:1":2,"f:5:30:5:31":1,"s:6:4:6:48":3,"s:9:31:11:1":4,"f:9:31:9:32":2,"s:10:4:10:49":5,"s:13:31:15:1":6,"f:13:31:13:32":3,"s:14:4:14:49":7,"s:17:27:20:1":8,"f:17:27:17:28":4,"s:18:4:18:44":9,"s:19:4:19:45":10},"fnNames":{}}}
,"C:\\Users\\atren\\WebstormProjects\\task-manager-frontend\\src\\utils\\axiosSetup.js": {"path":"C:\\Users\\atren\\WebstormProjects\\task-manager-frontend\\src\\utils\\axiosSetup.js","statementMap":{"0":{"start":{"line":6,"column":16},"end":{"line":6,"column":50}},"1":{"start":{"line":8,"column":22},"end":{"line":8,"column":47}},"2":{"start":{"line":14,"column":22},"end":{"line":14,"column":47}},"3":{"start":{"line":16,"column":0},"end":{"line":24,"column":3}},"4":{"start":{"line":17,"column":24},"end":{"line":17,"column":40}},"5":{"start":{"line":18,"column":4},"end":{"line":20,"column":5}},"6":{"start":{"line":19,"column":8},"end":{"line":19,"column":63}},"7":{"start":{"line":21,"column":4},"end":{"line":21,"column":18}},"8":{"start":{"line":23,"column":4},"end":{"line":23,"column":33}},"9":{"start":{"line":28,"column":27},"end":{"line":43,"column":1}},"10":{"start":{"line":29,"column":25},"end":{"line":29,"column":42}},"11":{"start":{"line":30,"column":4},"end":{"line":32,"column":5}},"12":{"start":{"line":31,"column":8},"end":{"line":31,"column":21}},"13":{"start":{"line":33,"column":4},"end":{"line":42,"column":5}},"14":{"start":{"line":34,"column":25},"end":{"line":34,"column":94}},"15":{"start":{"line":35,"column":8},"end":{"line":35,"column":41}},"16":{"start":{"line":36,"column":8},"end":{"line":36,"column":43}},"17":{"start":{"line":37,"column":8},"end":{"line":37,"column":20}},"18":{"start":{"line":39,"column":8},"end":{"line":39,"column":64}},"19":{"start":{"line":40,"column":8},"end":{"line":40,"column":22}},"20":{"start":{"line":41,"column":8},"end":{"line":41,"column":21}},"21":{"start":{"line":45,"column":0},"end":{"line":62,"column":2}},"22":{"start":{"line":46,"column":18},"end":{"line":46,"column":26}},"23":{"start":{"line":48,"column":32},"end":{"line":48,"column":44}},"24":{"start":{"line":52,"column":8},"end":{"line":59,"column":9}},"25":{"start":{"line":53,"column":12},"end":{"line":53,"column":42}},"26":{"start":{"line":56,"column":12},"end":{"line":58,"column":13}},"27":{"start":{"line":57,"column":16},"end":{"line":57,"column":54}},"28":{"start":{"line":60,"column":8},"end":{"line":60,"column":37}}},"fnMap":{"0":{"name":"(anonymous_0)","decl":{"start":{"line":16,"column":39},"end":{"line":16,"column":40}},"loc":{"start":{"line":16,"column":51},"end":{"line":22,"column":1}},"line":16},"1":{"name":"(anonymous_1)","decl":{"start":{"line":22,"column":3},"end":{"line":22,"column":4}},"loc":{"start":{"line":22,"column":14},"end":{"line":24,"column":1}},"line":22},"2":{"name":"(anonymous_2)","decl":{"start":{"line":28,"column":27},"end":{"line":28,"column":32}},"loc":{"start":{"line":28,"column":39},"end":{"line":43,"column":1}},"line":28},"3":{"name":"(anonymous_3)","decl":{"start":{"line":46,"column":4},"end":{"line":46,"column":5}},"loc":{"start":{"line":46,"column":18},"end":{"line":46,"column":26}},"line":46},"4":{"name":"(anonymous_4)","decl":{"start":{"line":47,"column":4},"end":{"line":47,"column":9}},"loc":{"start":{"line":47,"column":21},"end":{"line":61,"column":5}},"line":47}},"branchMap":{"0":{"loc":{"start":{"line":6,"column":16},"end":{"line":6,"column":50}},"type":"binary-expr","locations":[{"start":{"line":6,"column":16},"end":{"line":6,"column":44}},{"start":{"line":6,"column":48},"end":{"line":6,"column":50}}],"line":6},"1":{"loc":{"start":{"line":18,"column":4},"end":{"line":20,"column":5}},"type":"if","locations":[{"start":{"line":18,"column":4},"end":{"line":20,"column":5}},{"start":{},"end":{}}],"line":18},"2":{"loc":{"start":{"line":30,"column":4},"end":{"line":32,"column":5}},"type":"if","locations":[{"start":{"line":30,"column":4},"end":{"line":32,"column":5}},{"start":{},"end":{}}],"line":30},"3":{"loc":{"start":{"line":52,"column":8},"end":{"line":59,"column":9}},"type":"if","locations":[{"start":{"line":52,"column":8},"end":{"line":59,"column":9}},{"start":{},"end":{}}],"line":52},"4":{"loc":{"start":{"line":52,"column":12},"end":{"line":52,"column":88}},"type":"binary-expr","locations":[{"start":{"line":52,"column":12},"end":{"line":52,"column":42}},{"start":{"line":52,"column":46},"end":{"line":52,"column":61}},{"start":{"line":52,"column":65},"end":{"line":52,"column":88}}],"line":52},"5":{"loc":{"start":{"line":56,"column":12},"end":{"line":58,"column":13}},"type":"if","locations":[{"start":{"line":56,"column":12},"end":{"line":58,"column":13}},{"start":{},"end":{}}],"line":56}},"s":{"0":1,"1":1,"2":1,"3":1,"4":2,"5":2,"6":1,"7":2,"8":1,"9":1,"10":4,"11":4,"12":1,"13":3,"14":3,"15":2,"16":2,"17":2,"18":1,"19":1,"20":1,"21":1,"22":1,"23":8,"24":8,"25":4,"26":4,"27":2,"28":6},"f":{"0":2,"1":1,"2":4,"3":1,"4":8},"b":{"0":[1,1],"1":[1,1],"2":[1,3],"3":[4,4],"4":[8,5,5],"5":[2,2]},"meta":{"lastBranch":6,"lastFunction":5,"lastStatement":29,"seen":{"s:6:16:6:50":0,"b:6:16:6:44:6:48:6:50":0,"s:8:22:8:47":1,"s:14:22:14:47":2,"s:16:0:24:3":3,"f:16:39:16:40":0,"s:17:24:17:40":4,"b:18:4:20:5:undefined:undefined:undefined:undefined":1,"s:18:4:20:5":5,"s:19:8:19:63":6,"s:21:4:21:18":7,"f:22:3:22:4":1,"s:23:4:23:33":8,"s:28:27:43:1":9,"f:28:27:28:32":2,"s:29:25:29:42":10,"b:30:4:32:5:undefined:undefined:undefined:undefined":2,"s:30:4:32:5":11,"s:31:8:31:21":12,"s:33:4:42:5":13,"s:34:25:34:94":14,"s:35:8:35:41":15,"s:36:8:36:43":16,"s:37:8:37:20":17,"s:39:8:39:64":18,"s:40:8:40:22":19,"s:41:8:41:21":20,"s:45:0:62:2":21,"f:46:4:46:5":3,"s:46:18:46:26":22,"f:47:4:47:9":4,"s:48:32:48:44":23,"b:52:8:59:9:undefined:undefined:undefined:undefined":3,"s:52:8:59:9":24,"b:52:12:52:42:52:46:52:61:52:65:52:88":4,"s:53:12:53:42":25,"b:56:12:58:13:undefined:undefined:undefined:undefined":5,"s:56:12:58:13":26,"s:57:16:57:54":27,"s:60:8:60:37":28},"fnNames":{}}}
,"C:\\Users\\atren\\WebstormProjects\\task-manager-frontend\\src\\utils\\errorMessage.js": {"path":"C:\\Users\\atren\\WebstormProjects\\task-manager-frontend\\src\\utils\\errorMessage.js","statementMap":{"0":{"start":{"line":1,"column":17},"end":{"line":1,"column":58}},"1":{"start":{"line":15,"column":15},"end":{"line":15,"column":36}},"2":{"start":{"line":17,"column":2},"end":{"line":22,"column":3}},"3":{"start":{"line":18,"column":19},"end":{"line":18,"column":50}},"4":{"start":{"line":19,"column":4},"end":{"line":21,"column":5}},"5":{"start":{"line":20,"column":6},"end":{"line":20,"column":20}},"6":{"start":{"line":24,"column":2},"end":{"line":26,"column":3}},"7":{"start":{"line":25,"column":4},"end":{"line":25,"column":16}},"8":{"start":{"line":28,"column":2},"end":{"line":30,"column":3}},"9":{"start":{"line":29,"column":4},"end":{"line":29,"column":24}},"10":{"start":{"line":32,"column":2},"end":{"line":34,"column":3}},"11":{"start":{"line":33,"column":4},"end":{"line":33,"column":25}},"12":{"start":{"line":36,"column":2},"end":{"line":36,"column":18}}},"fnMap":{"0":{"name":"apiErrorMessage","decl":{"start":{"line":14,"column":16},"end":{"line":14,"column":31}},"loc":{"start":{"line":14,"column":39},"end":{"line":37,"column":1}},"line":14}},"branchMap":{"0":{"loc":{"start":{"line":17,"column":2},"end":{"line":22,"column":3}},"type":"if","locations":[{"start":{"line":17,"column":2},"end":{"line":22,"column":3}},{"start":{},"end":{}}],"line":17},"1":{"loc":{"start":{"line":19,"column":4},"end":{"line":21,"column":5}},"type":"if","locations":[{"start":{"line":19,"column":4},"end":{"line":21,"column":5}},{"start":{},"end":{}}],"line":19},"2":{"loc":{"start":{"line":24,"column":2},"end":{"line":26,"column":3}},"type":"if","locations":[{"start":{"line":24,"column":2},"end":{"line":26,"column":3}},{"start":{},"end":{}}],"line":24},"3":{"loc":{"start":{"line":24,"column":6},"end":{"line":24,"column":45}},"type":"binary-expr","locations":[{"start":{"line":24,"column":6},"end":{"line":24,"column":30}},{"start":{"line":24,"column":34},"end":{"line":24,"column":45}}],"line":24},"4":{"loc":{"start":{"line":28,"column":2},"end":{"line":30,"column":3}},"type":"if","locations":[{"start":{"line":28,"column":2},"end":{"line":30,"column":3}},{"start":{},"end":{}}],"line":28},"5":{"loc":{"start":{"line":28,"column":6},"end":{"line":28,"column":69}},"type":"binary-expr","locations":[{"start":{"line":28,"column":6},"end":{"line":28,"column":10}},{"start":{"line":28,"column":14},"end":{"line":28,"column":46}},{"start":{"line":28,"column":50},"end":{"line":28,"column":69}}],"line":28},"6":{"loc":{"start":{"line":32,"column":2},"end":{"line":34,"column":3}},"type":"if","locations":[{"start":{"line":32,"column":2},"end":{"line":34,"column":3}},{"start":{},"end":{}}],"line":32},"7":{"loc":{"start":{"line":32,"column":6},"end":{"line":32,"column":64}},"type":"binary-expr","locations":[{"start":{"line":32,"column":6},"end":{"line":32,"column":40}},{"start":{"line":32,"column":44},"end":{"line":32,"column":64}}],"line":32}},"s":{"0":6,"1":23,"2":23,"3":3,"4":3,"5":2,"6":21,"7":9,"8":12,"9":1,"10":11,"11":4,"12":7},"f":{"0":23},"b":{"0":[3,20],"1":[2,1],"2":[9,12],"3":[21,10],"4":[1,11],"5":[12,3,2],"6":[4,7],"7":[11,4]},"meta":{"lastBranch":8,"lastFunction":1,"lastStatement":13,"seen":{"s:1:17:1:58":0,"f:14:16:14:31":0,"s:15:15:15:36":1,"b:17:2:22:3:undefined:undefined:undefined:undefined":0,"s:17:2:22:3":2,"s:18:19:18:50":3,"b:19:4:21:5:undefined:undefined:undefined:undefined":1,"s:19:4:21:5":4,"s:20:6:20:20":5,"b:24:2:26:3:undefined:undefined:undefined:undefined":2,"s:24:2:26:3":6,"b:24:6:24:30:24:34:24:45":3,"s:25:4:25:16":7,"b:28:2:30:3:undefined:undefined:undefined:undefined":4,"s:28:2:30:3":8,"b:28:6:28:10:28:14:28:46:28:50:28:69":5,"s:29:4:29:24":9,"b:32:2:34:3:undefined:undefined:undefined:undefined":6,"s:32:2:34:3":10,"b:32:6:32:40:32:44:32:64":7,"s:33:4:33:25":11,"s:36:2:36:18":12},"fnNames":{}}}
,"C:\\Users\\atren\\WebstormProjects\\task-manager-frontend\\src\\views\\LoginView.vue": {"path":"C:\\Users\\atren\\WebstormProjects\\task-manager-frontend\\src\\views\\LoginView.vue","statementMap":{"0":{"start":{"line":11,"column":15},"end":{"line":15,"column":1}},"1":{"start":{"line":2,"column":2},"end":{"line":4,"column":null}}},"fnMap":{},"branchMap":{"0":{"loc":{"start":{"line":3,"column":4},"end":{"line":3,"column":18}},"type":"binary-expr","locations":[{"start":{"line":3,"column":4},"end":{"line":3,"column":8}},{"start":{"line":3,"column":4},"end":{"line":3,"column":18}}],"line":3}},"s":{"0":2,"1":1},"f":{},"b":{"0":[1,1]},"meta":{"lastBranch":1,"lastFunction":0,"lastStatement":2,"seen":{"s:11:15:15:1":0,"s:2:2:4:Infinity":1,"b:3:4:3:8:3:4:3:18":0},"fnNames":{}}}
,"C:\\Users\\atren\\WebstormProjects\\task-manager-frontend\\src\\views\\RegisterView.vue": {"path":"C:\\Users\\atren\\WebstormProjects\\task-manager-frontend\\src\\views\\RegisterView.vue","statementMap":{"0":{"start":{"line":11,"column":15},"end":{"line":15,"column":1}},"1":{"start":{"line":2,"column":2},"end":{"line":4,"column":null}}},"fnMap":{},"branchMap":{"0":{"loc":{"start":{"line":3,"column":4},"end":{"line":3,"column":21}},"type":"binary-expr","locations":[{"start":{"line":3,"column":4},"end":{"line":3,"column":8}},{"start":{"line":3,"column":4},"end":{"line":3,"column":21}}],"line":3}},"s":{"0":2,"1":1},"f":{},"b":{"0":[1,1]},"meta":{"lastBranch":1,"lastFunction":0,"lastStatement":2,"seen":{"s:11:15:15:1":0,"s:2:2:4:Infinity":1,"b:3:4:3:8:3:4:3:21":0},"fnNames":{}}}
,"C:\\Users\\atren\\WebstormProjects\\task-manager-frontend\\src\\views\\TaskManagerView.vue": {"path":"C:\\Users\\atren\\WebstormProjects\\task-manager-frontend\\src\\views\\TaskManagerView.vue","statementMap":{"0":{"start":{"line":37,"column":18},"end":{"line":37,"column":20}},"1":{"start":{"line":39,"column":18},"end":{"line":45,"column":2}},"2":{"start":{"line":39,"column":25},"end":{"line":45,"column":1}},"3":{"start":{"line":47,"column":15},"end":{"line":155,"column":1}},"4":{"start":{"line":56,"column":4},"end":{"line":66,"column":null}},"5":{"start":{"line":69,"column":4},"end":{"line":69,"column":null}},"6":{"start":{"line":78,"column":21},"end":{"line":78,"column":89}},"7":{"start":{"line":79,"column":6},"end":{"line":83,"column":null}},"8":{"start":{"line":80,"column":8},"end":{"line":82,"column":null}},"9":{"start":{"line":81,"column":10},"end":{"line":81,"column":null}},"10":{"start":{"line":84,"column":6},"end":{"line":84,"column":null}},"11":{"start":{"line":87,"column":6},"end":{"line":87,"column":null}},"12":{"start":{"line":89,"column":6},"end":{"line":89,"column":null}},"13":{"start":{"line":92,"column":6},"end":{"line":92,"column":null}},"14":{"start":{"line":93,"column":6},"end":{"line":106,"column":null}},"15":{"start":{"line":94,"column":25},"end":{"line":94,"column":87}},"16":{"start":{"line":95,"column":8},"end":{"line":95,"column":null}},"17":{"start":{"line":96,"column":8},"end":{"line":96,"column":null}},"18":{"start":{"line":97,"column":8},"end":{"line":97,"column":null}},"19":{"start":{"line":101,"column":8},"end":{"line":103,"column":null}},"20":{"start":{"line":102,"column":10},"end":{"line":102,"column":null}},"21":{"start":{"line":105,"column":8},"end":{"line":105,"column":null}},"22":{"start":{"line":109,"column":6},"end":{"line":113,"column":null}},"23":{"start":{"line":110,"column":8},"end":{"line":110,"column":null}},"24":{"start":{"line":112,"column":8},"end":{"line":112,"column":null}},"25":{"start":{"line":116,"column":6},"end":{"line":116,"column":null}},"26":{"start":{"line":117,"column":6},"end":{"line":125,"column":null}},"27":{"start":{"line":118,"column":8},"end":{"line":118,"column":null}},"28":{"start":{"line":119,"column":8},"end":{"line":119,"column":null}},"29":{"start":{"line":122,"column":8},"end":{"line":122,"column":null}},"30":{"start":{"line":124,"column":8},"end":{"line":124,"column":null}},"31":{"start":{"line":128,"column":6},"end":{"line":128,"column":null}},"32":{"start":{"line":129,"column":6},"end":{"line":135,"column":null}},"33":{"start":{"line":130,"column":8},"end":{"line":130,"column":null}},"34":{"start":{"line":131,"column":8},"end":{"line":131,"column":null}},"35":{"start":{"line":132,"column":8},"end":{"line":132,"column":null}},"36":{"start":{"line":134,"column":8},"end":{"line":134,"column":null}},"37":{"start":{"line":138,"column":6},"end":{"line":138,"column":null}},"38":{"start":{"line":139,"column":6},"end":{"line":144,"column":null}},"39":{"start":{"line":140,"column":8},"end":{"line":140,"column":null}},"40":{"start":{"line":141,"column":8},"end":{"line":141,"column":null}},"41":{"start":{"line":143,"column":8},"end":{"line":143,"column":null}},"42":{"start":{"line":147,"column":6},"end":{"line":147,"column":null}},"43":{"start":{"line":148,"column":6},"end":{"line":148,"column":null}},"44":{"start":{"line":151,"column":6},"end":{"line":151,"column":null}},"45":{"start":{"line":152,"column":6},"end":{"line":152,"column":null}},"46":{"start":{"line":2,"column":2},"end":{"line":22,"column":null}},"47":{"start":{"line":6,"column":16},"end":{"line":6,"column":null}}},"fnMap":{"0":{"name":"(anonymous_0)","decl":{"start":{"line":39,"column":18},"end":{"line":39,"column":19}},"loc":{"start":{"line":39,"column":25},"end":{"line":45,"column":1}},"line":39},"1":{"name":"data","decl":{"start":{"line":55,"column":2},"end":{"line":55,"column":6}},"loc":{"start":{"line":55,"column":9},"end":{"line":67,"column":3}},"line":55},"2":{"name":"mounted","decl":{"start":{"line":68,"column":2},"end":{"line":68,"column":9}},"loc":{"start":{"line":68,"column":12},"end":{"line":70,"column":3}},"line":68},"3":{"name":"buildQuery","decl":{"start":{"line":77,"column":4},"end":{"line":77,"column":14}},"loc":{"start":{"line":77,"column":21},"end":{"line":85,"column":5}},"line":77},"4":{"name":"applyFilters","decl":{"start":{"line":86,"column":4},"end":{"line":86,"column":16}},"loc":{"start":{"line":86,"column":26},"end":{"line":90,"column":5}},"line":86},"5":{"name":"fetchTasks","decl":{"start":{"line":91,"column":10},"end":{"line":91,"column":20}},"loc":{"start":{"line":91,"column":31},"end":{"line":107,"column":5}},"line":91},"6":{"name":"handleTaskSubmit","decl":{"start":{"line":108,"column":10},"end":{"line":108,"column":26}},"loc":{"start":{"line":108,"column":33},"end":{"line":114,"column":5}},"line":108},"7":{"name":"createTask","decl":{"start":{"line":115,"column":10},"end":{"line":115,"column":20}},"loc":{"start":{"line":115,"column":27},"end":{"line":126,"column":5}},"line":115},"8":{"name":"updateTask","decl":{"start":{"line":127,"column":10},"end":{"line":127,"column":20}},"loc":{"start":{"line":127,"column":27},"end":{"line":136,"column":5}},"line":127},"9":{"name":"deleteTask","decl":{"start":{"line":137,"column":10},"end":{"line":137,"column":20}},"loc":{"start":{"line":137,"column":25},"end":{"line":145,"column":5}},"line":137},"10":{"name":"editTask","decl":{"start":{"line":146,"column":4},"end":{"line":146,"column":12}},"loc":{"start":{"line":146,"column":19},"end":{"line":149,"column":5}},"line":146},"11":{"name":"resetForm","decl":{"start":{"line":150,"column":4},"end":{"line":150,"column":13}},"loc":{"start":{"line":150,"column":16},"end":{"line":153,"column":null}},"line":150},"12":{"name":"(anonymous_12)","decl":{"start":{"line":6,"column":14},"end":{"line":6,"column":16}},"loc":{"start":{"line":6,"column":16},"end":{"line":6,"column":null}},"line":6}},"branchMap":{"0":{"loc":{"start":{"line":80,"column":8},"end":{"line":82,"column":null}},"type":"if","locations":[{"start":{"line":80,"column":8},"end":{"line":82,"column":null}},{"start":{},"end":{}}],"line":80},"1":{"loc":{"start":{"line":80,"column":12},"end":{"line":80,"column":65}},"type":"binary-expr","locations":[{"start":{"line":80,"column":12},"end":{"line":80,"column":25}},{"start":{"line":80,"column":28},"end":{"line":80,"column":41}},{"start":{"line":80,"column":46},"end":{"line":80,"column":65}}],"line":80},"2":{"loc":{"start":{"line":91,"column":21},"end":{"line":91,"column":29}},"type":"default-arg","locations":[{"start":{"line":91,"column":28},"end":{"line":91,"column":29}}],"line":91},"3":{"loc":{"start":{"line":101,"column":8},"end":{"line":103,"column":null}},"type":"if","locations":[{"start":{"line":101,"column":8},"end":{"line":103,"column":null}},{"start":{},"end":{}}],"line":101},"4":{"loc":{"start":{"line":101,"column":12},"end":{"line":101,"column":58}},"type":"binary-expr","locations":[{"start":{"line":101,"column":12},"end":{"line":101,"column":32}},{"start":{"line":101,"column":35},"end":{"line":101,"column":58}}],"line":101},"5":{"loc":{"start":{"line":109,"column":6},"end":{"line":113,"column":null}},"type":"if","locations":[{"start":{"line":109,"column":6},"end":{"line":113,"column":null}},{"start":{"line":111,"column":13},"end":{"line":113,"column":null}}],"line":109},"6":{"loc":{"start":{"line":3,"column":4},"end":{"line":3,"column":25}},"type":"binary-expr","locations":[{"start":{"line":3,"column":4},"end":{"line":3,"column":8}},{"start":{"line":3,"column":4},"end":{"line":3,"column":25}}],"line":3},"7":{"loc":{"start":{"line":6,"column":14},"end":{"line":6,"column":null}},"type":"binary-expr","locations":[{"start":{"line":6,"column":14},"end":{"line":6,"column":16}},{"start":{"line":6,"column":14},"end":{"line":6,"column":null}}],"line":6}},"s":{"0":2,"1":2,"2":17,"3":2,"4":15,"5":15,"6":27,"7":27,"8":135,"9":8,"10":27,"11":4,"12":4,"13":27,"14":27,"15":27,"16":25,"17":25,"18":25,"19":25,"20":1,"21":2,"22":4,"23":2,"24":2,"25":2,"26":2,"27":2,"28":1,"29":1,"30":1,"31":2,"32":2,"33":2,"34":1,"35":1,"36":1,"37":2,"38":2,"39":2,"40":1,"41":1,"42":2,"43":2,"44":2,"45":2,"46":43,"47":0},"f":{"0":17,"1":15,"2":15,"3":27,"4":4,"5":27,"6":4,"7":2,"8":2,"9":2,"10":2,"11":2,"12":0},"b":{"0":[8,127],"1":[135,8,8],"2":[27],"3":[1,24],"4":[25,25],"5":[2,2],"6":[43,15],"7":[43,15]},"meta":{"lastBranch":8,"lastFunction":13,"lastStatement":48,"seen":{"s:37:18:37:20":0,"s:39:18:45:2":1,"f:39:18:39:19":0,"s:39:25:45:1":2,"s:47:15:155:1":3,"f:55:2:55:6":1,"s:56:4:66:Infinity":4,"f:68:2:68:9":2,"s:69:4:69:Infinity":5,"f:77:4:77:14":3,"s:78:21:78:89":6,"s:79:6:83:Infinity":7,"b:80:8:82:Infinity:undefined:undefined:undefined:undefined":0,"s:80:8:82:Infinity":8,"b:80:12:80:25:80:28:80:41:80:46:80:65":1,"s:81:10:81:Infinity":9,"s:84:6:84:Infinity":10,"f:86:4:86:16":4,"s:87:6:87:Infinity":11,"s:89:6:89:Infinity":12,"f:91:10:91:20":5,"b:91:28:91:29":2,"s:92:6:92:Infinity":13,"s:93:6:106:Infinity":14,"s:94:25:94:87":15,"s:95:8:95:Infinity":16,"s:96:8:96:Infinity":17,"s:97:8:97:Infinity":18,"b:101:8:103:Infinity:undefined:undefined:undefined:undefined":3,"s:101:8:103:Infinity":19,"b:101:12:101:32:101:35:101:58":4,"s:102:10:102:Infinity":20,"s:105:8:105:Infinity":21,"f:108:10:108:26":6,"b:109:6:113:Infinity:111:13:113:Infinity":5,"s:109:6:113:Infinity":22,"s:110:8:110:Infinity":23,"s:112:8:112:Infinity":24,"f:115:10:115:20":7,"s:116:6:116:Infinity":25,"s:117:6:125:Infinity":26,"s:118:8:118:Infinity":27,"s:119:8:119:Infinity":28,"s:122:8:122:Infinity":29,"s:124:8:124:Infinity":30,"f:127:10:127:20":8,"s:128:6:128:Infinity":31,"s:129:6:135:Infinity":32,"s:130:8:130:Infinity":33,"s:131:8:131:Infinity":34,"s:132:8:132:Infinity":35,"s:134:8:134:Infinity":36,"f:137:10:137:20":9,"s:138:6:138:Infinity":37,"s:139:6:144:Infinity":38,"s:140:8:140:Infinity":39,"s:141:8:141:Infinity":40,"s:143:8:143:Infinity":41,"f:146:4:146:12":10,"s:147:6:147:Infinity":42,"s:148:6:148:Infinity":43,"f:150:4:150:13":11,"s:151:6:151:Infinity":44,"s:152:6:152:Infinity":45,"s:2:2:22:Infinity":46,"b:3:4:3:8:3:4:3:25":6,"b:6:14:6:16:6:14:6:Infinity":7,"f:6:14:6:16":12,"s:6:16:6:Infinity":47},"fnNames":{}}}
}
